[2025-06-23T23:18:19.554Z] Catena Backend Server started successfully
[2025-06-23T23:21:04.031Z] Catena Backend Server started successfully
[2025-06-23T23:23:26.898Z] POST /api/register - 새 사용자 등록: test@example.com
[2025-06-23T23:23:42.322Z] POST /api/update-score - test@example.com: 100점, 랭킹 1위
[2025-06-23T23:23:48.861Z] GET /api/rankings - 1명 조회
[2025-06-24T00:06:59.884Z] GET /api/rankings - 1명 조회
[2025-06-24T00:07:17.407Z] GET /api/rankings - 1명 조회
[2025-06-24T00:12:53.116Z] GET /api/rankings - 1명 조회
[2025-06-24T00:14:54.266Z] GET /api/rankings - 1명 조회
[2025-06-24T00:14:54.274Z] GET /api/rankings - 1명 조회
[2025-06-24T00:14:54.276Z] GET /api/rankings - 1명 조회
[2025-06-24T00:19:02.468Z] GET /api/rankings - 1명 조회
[2025-06-24T00:19:10.038Z] GET /api/rankings - 1명 조회
[2025-06-24T00:19:15.814Z] GET /api/rankings - 1명 조회
[2025-06-24T00:28:35.560Z] GET /api/rankings - 1명 조회
[2025-06-24T01:47:43.450Z] POST /api/register - 새 사용자 등록: tradenbot@gmail.com
[2025-06-24T01:47:43.525Z] POST /api/register - 새 사용자 등록: user_i4fsocn6t@gmail.com
[2025-06-24T01:47:43.556Z] POST /api/register - 새 사용자 등록: user_c1uliygn6@gmail.com
[2025-06-24T01:47:43.642Z] POST /api/register - 새 사용자 등록: john.choi775@gmail.com
[2025-06-24T01:47:43.673Z] POST /api/register - 새 사용자 등록: user_rg5fugzm5@gmail.com
[2025-06-24T01:47:43.756Z] POST /api/register - 새 사용자 등록: creatanetwork@gmail.com
[2025-06-24T01:47:43.793Z] POST /api/register - 새 사용자 등록: user_sceneg5q9@kakao.com
[2025-06-24T01:47:43.868Z] POST /api/register - 새 사용자 등록: kakao_user_x4z76dlbv@kakao.com
[2025-06-24T01:47:43.912Z] POST /api/register - 새 사용자 등록: allbandex@gmail.com
[2025-06-24T01:48:16.549Z] POST /api/register - 기존 사용자 로그인: user_c1uliygn6@gmail.com
[2025-06-24T01:48:16.664Z] POST /api/register - 기존 사용자 로그인: user_rg5fugzm5@gmail.com
[2025-06-24T01:48:16.770Z] POST /api/register - 기존 사용자 로그인: user_sceneg5q9@kakao.com
[2025-06-24T01:48:16.883Z] POST /api/register - 기존 사용자 로그인: allbandex@gmail.com
[2025-06-24T01:48:47.978Z] POST /api/register - 기존 사용자 로그인: user_c1uliygn6@gmail.com
[2025-06-24T01:48:48.095Z] POST /api/register - 기존 사용자 로그인: user_rg5fugzm5@gmail.com
[2025-06-24T01:48:48.200Z] POST /api/register - 기존 사용자 로그인: user_sceneg5q9@kakao.com
[2025-06-24T01:48:48.307Z] POST /api/register - 기존 사용자 로그인: allbandex@gmail.com
[2025-06-24T01:59:06.665Z] POST /api/register - 기존 사용자 로그인: user_i4fsocn6t@gmail.com
[2025-06-24T01:59:06.770Z] POST /api/register - 기존 사용자 로그인: john.choi775@gmail.com
[2025-06-24T01:59:06.880Z] POST /api/register - 기존 사용자 로그인: creatanetwork@gmail.com
[2025-06-24T01:59:06.986Z] POST /api/register - 기존 사용자 로그인: kakao_user_x4z76dlbv@kakao.com
[2025-06-24T02:03:58.824Z] POST /api/register - 기존 사용자 로그인: user_i4fsocn6t@gmail.com
[2025-06-24T02:03:58.939Z] POST /api/register - 기존 사용자 로그인: john.choi775@gmail.com
[2025-06-24T02:03:59.044Z] POST /api/register - 기존 사용자 로그인: creatanetwork@gmail.com
[2025-06-24T02:03:59.150Z] POST /api/register - 기존 사용자 로그인: kakao_user_x4z76dlbv@kakao.com
[2025-06-24T02:08:17.611Z] POST /api/register - 기존 사용자 로그인: user_c1uliygn6@gmail.com
[2025-06-24T02:08:17.727Z] POST /api/register - 기존 사용자 로그인: user_rg5fugzm5@gmail.com
[2025-06-24T02:08:17.832Z] POST /api/register - 기존 사용자 로그인: user_sceneg5q9@kakao.com
[2025-06-24T02:08:17.938Z] POST /api/register - 기존 사용자 로그인: allbandex@gmail.com
[2025-06-24T02:11:45.682Z] Catena Backend Server started successfully
[2025-06-24T02:13:38.728Z] Catena Backend Server started successfully
[2025-06-24T02:13:43.598Z] Catena Backend Server started successfully
[2025-06-24T02:13:59.316Z] POST /api/register - 기존 사용자 로그인: user_i4fsocn6t@gmail.com
[2025-06-24T02:13:59.433Z] POST /api/register - 기존 사용자 로그인: john.choi775@gmail.com
[2025-06-24T02:13:59.539Z] POST /api/register - 기존 사용자 로그인: creatanetwork@gmail.com
[2025-06-24T02:13:59.645Z] POST /api/register - 기존 사용자 로그인: kakao_user_x4z76dlbv@kakao.com
[2025-06-24T02:20:04.400Z] Catena Backend Server started successfully
[2025-06-24T02:27:03.738Z] Catena Backend Server started successfully
[2025-06-24T02:27:16.843Z] POST /api/register - 기존 사용자 로그인: tradenbot@gmail.com
[2025-06-24T02:27:18.578Z] POST /api/register - 기존 사용자 로그인: user_c1uliygn6@gmail.com
[2025-06-24T02:27:18.693Z] POST /api/register - 기존 사용자 로그인: user_rg5fugzm5@gmail.com
[2025-06-24T02:27:18.797Z] POST /api/register - 기존 사용자 로그인: user_sceneg5q9@kakao.com
[2025-06-24T02:27:18.906Z] POST /api/register - 기존 사용자 로그인: allbandex@gmail.com
[2025-06-24T02:27:19.900Z] POST /api/register - 기존 사용자 로그인: user_i4fsocn6t@gmail.com
[2025-06-24T02:27:20.016Z] POST /api/register - 기존 사용자 로그인: john.choi775@gmail.com
[2025-06-24T02:27:20.121Z] POST /api/register - 기존 사용자 로그인: creatanetwork@gmail.com
[2025-06-24T02:27:20.242Z] POST /api/register - 기존 사용자 로그인: kakao_user_x4z76dlbv@kakao.com
[2025-06-24T02:27:36.883Z] DELETE /api/admin/users/1750721006898_7c08lh1xxqn - 사용자 삭제: test@example.com
[2025-06-24T02:27:43.048Z] DELETE /api/admin/users/1750729663525_cxw8k4ic32b - 사용자 삭제: user_i4fsocn6t@gmail.com
[2025-06-24T02:27:46.536Z] DELETE /api/admin/users/1750729663556_h43lkah0gc - 사용자 삭제: user_c1uliygn6@gmail.com
[2025-06-24T02:27:51.066Z] DELETE /api/admin/users/1750729663673_y8ju8r5jywi - 사용자 삭제: user_rg5fugzm5@gmail.com
[2025-06-24T02:27:55.263Z] DELETE /api/admin/users/1750729663793_md2zappl3s - 사용자 삭제: user_sceneg5q9@kakao.com
[2025-06-24T02:28:00.486Z] DELETE /api/admin/users/1750729663868_zvlv96vcdbp - 사용자 삭제: kakao_user_x4z76dlbv@kakao.com
[2025-06-24T02:30:05.885Z] POST /api/register - 새 사용자 등록: user_c1uliygn6@gmail.com
[2025-06-24T02:30:05.996Z] POST /api/register - 새 사용자 등록: user_rg5fugzm5@gmail.com
[2025-06-24T02:30:06.102Z] POST /api/register - 새 사용자 등록: user_sceneg5q9@kakao.com
[2025-06-24T02:30:06.206Z] POST /api/register - 기존 사용자 로그인: allbandex@gmail.com
[2025-06-24T02:30:17.165Z] POST /api/register - 새 사용자 등록: user_i4fsocn6t@gmail.com
[2025-06-24T02:30:17.271Z] POST /api/register - 기존 사용자 로그인: john.choi775@gmail.com
[2025-06-24T02:30:17.380Z] POST /api/register - 기존 사용자 로그인: creatanetwork@gmail.com
[2025-06-24T02:30:17.491Z] POST /api/register - 새 사용자 등록: kakao_user_x4z76dlbv@kakao.com
[2025-06-24T02:30:33.244Z] DELETE /api/admin/users/1750732205885_ou0rsj75m6 - 사용자 삭제: user_c1uliygn6@gmail.com
[2025-06-24T02:30:42.866Z] DELETE /api/admin/users/1750732217491_gzbzvvmuni9 - 사용자 삭제: kakao_user_x4z76dlbv@kakao.com
[2025-06-24T02:30:45.837Z] DELETE /api/admin/users/1750732206102_7zhda8jz8rs - 사용자 삭제: user_sceneg5q9@kakao.com
[2025-06-24T02:30:52.056Z] DELETE /api/admin/users/1750732205996_ui7rexdcq0p - 사용자 삭제: user_rg5fugzm5@gmail.com
[2025-06-24T02:30:55.027Z] DELETE /api/admin/users/1750732217165_5ti8zzc9yih - 사용자 삭제: user_i4fsocn6t@gmail.com
[2025-06-24T02:31:17.000Z] Catena Backend Server started successfully
[2025-06-24T02:31:30.938Z] POST /api/register - 새 사용자 등록: user_i4fsocn6t@gmail.com
[2025-06-24T02:31:31.046Z] POST /api/register - 기존 사용자 로그인: john.choi775@gmail.com
[2025-06-24T02:31:31.150Z] POST /api/register - 기존 사용자 로그인: creatanetwork@gmail.com
[2025-06-24T02:31:31.256Z] POST /api/register - 새 사용자 등록: kakao_user_x4z76dlbv@kakao.com
[2025-06-24T02:31:40.498Z] POST /api/register - 새 사용자 등록: user_c1uliygn6@gmail.com
[2025-06-24T02:31:40.607Z] POST /api/register - 새 사용자 등록: user_rg5fugzm5@gmail.com
[2025-06-24T02:31:40.714Z] POST /api/register - 새 사용자 등록: user_sceneg5q9@kakao.com
[2025-06-24T02:31:40.823Z] POST /api/register - 기존 사용자 로그인: allbandex@gmail.com
[2025-06-24T02:31:52.838Z] POST /api/register - 기존 사용자 로그인: user_i4fsocn6t@gmail.com
[2025-06-24T02:31:52.946Z] POST /api/register - 기존 사용자 로그인: john.choi775@gmail.com
[2025-06-24T02:31:53.051Z] POST /api/register - 기존 사용자 로그인: creatanetwork@gmail.com
[2025-06-24T02:31:53.158Z] POST /api/register - 기존 사용자 로그인: kakao_user_x4z76dlbv@kakao.com
[2025-06-24T02:41:30.017Z] POST /api/register - 기존 사용자 로그인: user_i4fsocn6t@gmail.com
[2025-06-24T02:41:30.137Z] POST /api/register - 기존 사용자 로그인: john.choi775@gmail.com
[2025-06-24T02:41:30.243Z] POST /api/register - 기존 사용자 로그인: creatanetwork@gmail.com
[2025-06-24T02:41:30.353Z] POST /api/register - 기존 사용자 로그인: kakao_user_x4z76dlbv@kakao.com
[2025-06-24T02:41:37.885Z] DELETE /api/admin/users/1750732290938_fmvk0xr2905 - 사용자 삭제: user_i4fsocn6t@gmail.com
[2025-06-24T02:41:41.655Z] DELETE /api/admin/users/1750732291256_qwtbiqamitr - 사용자 삭제: kakao_user_x4z76dlbv@kakao.com
[2025-06-24T02:41:46.050Z] DELETE /api/admin/users/1750732300498_nxworr1e2w - 사용자 삭제: user_c1uliygn6@gmail.com
[2025-06-24T02:41:49.440Z] DELETE /api/admin/users/1750732300607_xbzg8ubbb3b - 사용자 삭제: user_rg5fugzm5@gmail.com
[2025-06-24T02:41:54.151Z] DELETE /api/admin/users/1750732300714_u3lt91ayqf - 사용자 삭제: user_sceneg5q9@kakao.com
[2025-06-24T02:41:58.503Z] POST /api/register - 새 사용자 등록: user_i4fsocn6t@gmail.com
[2025-06-24T02:41:58.607Z] POST /api/register - 기존 사용자 로그인: john.choi775@gmail.com
[2025-06-24T02:41:58.717Z] POST /api/register - 기존 사용자 로그인: creatanetwork@gmail.com
[2025-06-24T02:41:58.826Z] POST /api/register - 새 사용자 등록: kakao_user_x4z76dlbv@kakao.com
[2025-06-24T02:42:11.250Z] POST /api/register - 새 사용자 등록: user_c1uliygn6@gmail.com
[2025-06-24T02:42:11.365Z] POST /api/register - 새 사용자 등록: user_rg5fugzm5@gmail.com
[2025-06-24T02:42:11.472Z] POST /api/register - 새 사용자 등록: user_sceneg5q9@kakao.com
[2025-06-24T02:42:11.578Z] POST /api/register - 기존 사용자 로그인: allbandex@gmail.com
[2025-06-24T02:42:32.133Z] POST /api/register - 기존 사용자 로그인: user_i4fsocn6t@gmail.com
[2025-06-24T02:42:32.240Z] POST /api/register - 기존 사용자 로그인: john.choi775@gmail.com
[2025-06-24T02:42:32.357Z] POST /api/register - 기존 사용자 로그인: creatanetwork@gmail.com
[2025-06-24T02:42:32.472Z] POST /api/register - 기존 사용자 로그인: kakao_user_x4z76dlbv@kakao.com
[2025-06-24T02:54:20.045Z] GET /api/rankings - 0명 조회
[2025-06-24T02:54:20.048Z] GET /api/rankings - 0명 조회
[2025-06-24T02:55:10.535Z] GET /api/rankings - 0명 조회
[2025-06-24T02:57:17.806Z] GET /api/rankings - 0명 조회
[2025-06-24T02:57:17.830Z] GET /api/rankings - 0명 조회
[2025-06-24T02:57:17.832Z] GET /api/rankings - 0명 조회
[2025-06-24T02:57:17.835Z] GET /api/rankings - 0명 조회
[2025-06-24T03:03:30.933Z] GET /api/rankings - 0명 조회
[2025-06-24T03:03:57.446Z] Catena Backend Server started successfully
[2025-06-24T03:09:23.560Z] DELETE /api/admin/cleanup-test-users - 5명의 테스트 사용자 삭제
[2025-06-24T03:09:32.470Z] GET /api/rankings - 0명 조회
[2025-06-24T03:09:32.472Z] GET /api/rankings - 0명 조회
[2025-06-24T03:09:44.288Z] GET /api/rankings - 0명 조회
[2025-06-24T03:09:44.290Z] GET /api/rankings - 0명 조회
[2025-06-24T03:09:53.611Z] GET /api/rankings - 0명 조회
[2025-06-24T03:09:53.755Z] GET /api/rankings - 0명 조회
[2025-06-24T03:10:09.850Z] GET /api/rankings - 0명 조회
[2025-06-24T03:10:09.852Z] GET /api/rankings - 0명 조회
[2025-06-24T03:10:47.540Z] GET /api/rankings - 0명 조회
[2025-06-24T03:13:10.964Z] ERROR /api/update-score - Cannot destructure property 'email' of 'req.body' as it is undefined.
[2025-06-24T03:13:46.991Z] GET /api/rankings - 0명 조회
[2025-06-24T03:13:51.205Z] GET /api/rankings - 0명 조회
[2025-06-24T03:13:51.211Z] GET /api/rankings - 0명 조회
[2025-06-24T03:13:56.418Z] ERROR /api/update-score - Cannot destructure property 'email' of 'req.body' as it is undefined.
[2025-06-24T03:14:00.330Z] POST /api/register - 기존 사용자 로그인: john.choi775@gmail.com
[2025-06-24T03:14:00.335Z] POST /api/update-score - john.choi775@gmail.com: 20점, 랭킹 1위
[2025-06-24T03:14:00.443Z] POST /api/register - 기존 사용자 로그인: creatanetwork@gmail.com
[2025-06-24T03:14:00.447Z] POST /api/update-score - creatanetwork@gmail.com: 0점, 랭킹 2위
[2025-06-24T03:14:03.496Z] GET /api/rankings - 1명 조회
[2025-06-24T03:14:03.501Z] GET /api/rankings - 1명 조회
[2025-06-24T03:14:15.614Z] ERROR /api/update-score - Cannot destructure property 'email' of 'req.body' as it is undefined.
[2025-06-24T03:14:40.383Z] POST /api/register - 기존 사용자 로그인: john.choi775@gmail.com
[2025-06-24T03:14:40.389Z] POST /api/update-score - john.choi775@gmail.com: 20점, 랭킹 1위
[2025-06-24T03:14:40.495Z] POST /api/register - 기존 사용자 로그인: creatanetwork@gmail.com
[2025-06-24T03:14:40.499Z] POST /api/update-score - creatanetwork@gmail.com: 0점, 랭킹 2위
[2025-06-24T03:14:42.424Z] GET /api/rankings - 1명 조회
[2025-06-24T03:14:42.426Z] GET /api/rankings - 1명 조회
[2025-06-24T03:14:47.441Z] GET /api/rankings - 1명 조회
[2025-06-24T03:14:47.442Z] GET /api/rankings - 1명 조회
[2025-06-24T03:14:55.353Z] GET /api/rankings - 1명 조회
[2025-06-24T03:14:57.211Z] GET /api/rankings - 1명 조회
[2025-06-24T03:14:57.213Z] GET /api/rankings - 1명 조회
[2025-06-24T03:14:58.254Z] GET /api/rankings - 1명 조회
[2025-06-24T03:15:02.183Z] GET /api/rankings - 1명 조회
[2025-06-24T03:15:15.266Z] GET /api/rankings - 3명 조회
[2025-06-24T03:16:48.641Z] GET /api/rankings - 3명 조회
[2025-06-24T03:17:19.403Z] GET /api/rankings - 3명 조회
[2025-06-24T03:17:19.404Z] GET /api/rankings - 3명 조회
[2025-06-24T03:17:19.405Z] GET /api/rankings - 3명 조회
[2025-06-24T03:17:19.406Z] GET /api/rankings - 3명 조회
[2025-06-24T03:17:19.407Z] GET /api/rankings - 3명 조회
[2025-06-24T03:17:19.408Z] GET /api/rankings - 3명 조회
[2025-06-24T03:17:40.729Z] GET /api/rankings - 3명 조회
[2025-06-24T03:17:40.741Z] GET /api/rankings - 3명 조회
[2025-06-24T03:17:40.743Z] GET /api/rankings - 3명 조회
[2025-06-24T03:17:40.743Z] GET /api/rankings - 3명 조회
[2025-06-24T03:17:40.745Z] GET /api/rankings - 3명 조회
[2025-06-24T03:17:40.746Z] GET /api/rankings - 3명 조회
[2025-06-24T03:17:54.430Z] GET /api/rankings - 3명 조회
[2025-06-24T03:17:56.130Z] GET /api/rankings - 3명 조회
[2025-06-24T03:18:28.486Z] GET /api/rankings - 3명 조회
[2025-06-24T03:18:28.487Z] GET /api/rankings - 3명 조회
[2025-06-24T03:18:28.488Z] GET /api/rankings - 3명 조회
[2025-06-24T03:18:28.840Z] GET /api/rankings - 3명 조회
[2025-06-24T03:19:08.203Z] GET /api/rankings - 3명 조회
[2025-06-24T03:19:08.204Z] GET /api/rankings - 3명 조회
[2025-06-24T03:19:20.936Z] POST /api/register - 새 사용자 등록: kiikiiha333@gmail.com
[2025-06-24T03:19:20.949Z] POST /api/update-score - kiikiiha333@gmail.com: 0점, 랭킹 4위
[2025-06-24T03:19:40.941Z] POST /api/register - 기존 사용자 로그인: kiikiiha333@gmail.com
[2025-06-24T03:19:40.952Z] POST /api/update-score - kiikiiha333@gmail.com: 0점, 랭킹 4위
[2025-06-24T03:19:52.326Z] POST /api/register - 기존 사용자 로그인: kiikiiha333@gmail.com
[2025-06-24T03:19:52.330Z] POST /api/update-score - kiikiiha333@gmail.com: 50점, 랭킹 2위
[2025-06-24T03:20:03.599Z] POST /api/register - 기존 사용자 로그인: kiikiiha333@gmail.com
[2025-06-24T03:20:03.607Z] POST /api/update-score - kiikiiha333@gmail.com: 130점, 랭킹 1위
[2025-06-24T03:20:25.124Z] POST /api/register - 기존 사용자 로그인: kiikiiha333@gmail.com
[2025-06-24T03:20:25.150Z] POST /api/update-score - kiikiiha333@gmail.com: 130점, 랭킹 1위
[2025-06-24T03:20:34.832Z] POST /api/register - 기존 사용자 로그인: kiikiiha333@gmail.com
[2025-06-24T03:20:34.841Z] POST /api/update-score - kiikiiha333@gmail.com: 140점, 랭킹 1위
[2025-06-24T03:20:46.693Z] POST /api/register - 기존 사용자 로그인: kiikiiha333@gmail.com
[2025-06-24T03:20:46.703Z] POST /api/update-score - kiikiiha333@gmail.com: 140점, 랭킹 1위
[2025-06-24T03:20:52.046Z] POST /api/register - 기존 사용자 로그인: kiikiiha333@gmail.com
[2025-06-24T03:20:52.055Z] POST /api/update-score - kiikiiha333@gmail.com: 140점, 랭킹 1위
[2025-06-24T03:21:02.909Z] POST /api/register - 기존 사용자 로그인: kiikiiha333@gmail.com
[2025-06-24T03:21:02.918Z] POST /api/update-score - kiikiiha333@gmail.com: 140점, 랭킹 1위
[2025-06-24T03:21:09.110Z] POST /api/register - 기존 사용자 로그인: kiikiiha333@gmail.com
[2025-06-24T03:21:09.123Z] POST /api/update-score - kiikiiha333@gmail.com: 150점, 랭킹 1위
[2025-06-24T03:21:19.258Z] GET /api/rankings - 4명 조회
[2025-06-24T03:21:34.529Z] GET /api/rankings - 4명 조회
[2025-06-24T03:21:36.753Z] GET /api/rankings - 4명 조회
[2025-06-24T03:22:22.350Z] GET /api/rankings - 4명 조회
[2025-06-24T03:23:11.046Z] POST /api/register - 새 사용자 등록: kiikiihajohn@gmail.com
[2025-06-24T03:23:11.050Z] POST /api/update-score - kiikiihajohn@gmail.com: 50점, 랭킹 3위
[2025-06-24T03:23:22.097Z] POST /api/register - 기존 사용자 로그인: kiikiihajohn@gmail.com
[2025-06-24T03:23:22.106Z] POST /api/update-score - kiikiihajohn@gmail.com: 130점, 랭킹 2위
[2025-06-24T03:23:49.131Z] POST /api/register - 기존 사용자 로그인: kiikiihajohn@gmail.com
[2025-06-24T03:23:49.142Z] POST /api/update-score - kiikiihajohn@gmail.com: 130점, 랭킹 2위
[2025-06-24T03:24:01.491Z] POST /api/register - 기존 사용자 로그인: kiikiihajohn@gmail.com
[2025-06-24T03:24:01.499Z] POST /api/update-score - kiikiihajohn@gmail.com: 130점, 랭킹 2위
[2025-06-24T03:24:08.611Z] POST /api/register - 기존 사용자 로그인: kiikiihajohn@gmail.com
[2025-06-24T03:24:08.619Z] POST /api/update-score - kiikiihajohn@gmail.com: 130점, 랭킹 2위
[2025-06-24T03:24:18.309Z] POST /api/register - 기존 사용자 로그인: kiikiihajohn@gmail.com
[2025-06-24T03:24:18.316Z] POST /api/update-score - kiikiihajohn@gmail.com: 140점, 랭킹 2위
[2025-06-24T03:24:23.155Z] GET /api/rankings - 5명 조회
[2025-06-24T03:24:23.157Z] GET /api/rankings - 5명 조회
[2025-06-24T03:24:37.333Z] GET /api/rankings - 5명 조회
[2025-06-24T03:24:44.491Z] POST /api/register - 기존 사용자 로그인: john.choi775@gmail.com
[2025-06-24T03:24:44.495Z] POST /api/update-score - john.choi775@gmail.com: 20점, 랭킹 4위
[2025-06-24T03:24:44.605Z] POST /api/register - 기존 사용자 로그인: creatanetwork@gmail.com
[2025-06-24T03:24:44.609Z] POST /api/update-score - creatanetwork@gmail.com: 0점, 랭킹 6위
[2025-06-24T03:24:48.181Z] GET /api/rankings - 5명 조회
[2025-06-24T03:24:48.186Z] GET /api/rankings - 5명 조회
[2025-06-24T03:25:10.950Z] POST /api/register - 기존 사용자 로그인: john.choi775@gmail.com
[2025-06-24T03:25:10.955Z] POST /api/update-score - john.choi775@gmail.com: 20점, 랭킹 4위
[2025-06-24T03:25:11.059Z] POST /api/register - 기존 사용자 로그인: creatanetwork@gmail.com
[2025-06-24T03:25:11.063Z] POST /api/update-score - creatanetwork@gmail.com: 0점, 랭킹 6위
[2025-06-24T03:25:13.677Z] GET /api/rankings - 5명 조회
[2025-06-24T03:25:13.681Z] GET /api/rankings - 5명 조회
[2025-06-24T03:25:45.335Z] GET /api/rankings - 5명 조회
[2025-06-24T03:25:47.461Z] GET /api/rankings - 5명 조회
[2025-06-24T03:25:47.466Z] GET /api/rankings - 5명 조회
[2025-06-24T03:26:17.393Z] GET /api/rankings - 5명 조회
[2025-06-24T03:26:40.021Z] GET /api/rankings - 5명 조회
[2025-06-24T03:26:40.023Z] GET /api/rankings - 5명 조회
[2025-06-24T03:26:56.179Z] GET /api/rankings - 5명 조회
[2025-06-24T03:26:56.181Z] GET /api/rankings - 5명 조회
[2025-06-24T03:27:01.712Z] GET /api/rankings - 5명 조회
[2025-06-24T03:27:04.625Z] GET /api/rankings - 5명 조회
[2025-06-24T03:27:04.626Z] GET /api/rankings - 5명 조회
[2025-06-24T03:27:22.709Z] GET /api/rankings - 5명 조회
[2025-06-24T03:27:58.027Z] GET /api/rankings - 5명 조회
[2025-06-24T03:29:00.162Z] GET /api/rankings - 5명 조회
[2025-06-24T03:29:00.164Z] GET /api/rankings - 5명 조회
[2025-06-24T03:29:02.652Z] GET /api/rankings - 5명 조회
[2025-06-24T03:29:27.901Z] GET /api/rankings - 5명 조회
[2025-06-24T03:31:04.889Z] GET /api/rankings - 5명 조회
[2025-06-24T03:36:17.930Z] GET /api/rankings - 5명 조회
[2025-06-24T03:36:17.932Z] GET /api/rankings - 5명 조회
[2025-06-24T03:39:51.115Z] GET /api/rankings - 5명 조회
[2025-06-24T03:42:12.390Z] GET /api/rankings - 5명 조회
[2025-06-24T03:42:12.392Z] GET /api/rankings - 5명 조회
[2025-06-24T03:42:44.419Z] GET /api/rankings - 5명 조회
[2025-06-24T03:44:11.678Z] GET /api/rankings - 5명 조회
[2025-06-24T03:44:19.110Z] GET /api/rankings - 5명 조회
[2025-06-24T03:44:28.628Z] GET /api/rankings - 5명 조회
[2025-06-24T03:49:07.717Z] POST /api/register - 기존 사용자 로그인: allbandex@gmail.com
[2025-06-24T03:49:07.719Z] POST /api/register - 기존 사용자 로그인: tradenbot@gmail.com
[2025-06-24T03:49:07.727Z] POST /api/update-score - allbandex@gmail.com: 10점, 랭킹 5위
[2025-06-24T03:49:07.727Z] POST /api/update-score - tradenbot@gmail.com: 130점, 랭킹 3위
[2025-06-24T03:52:07.803Z] GET /api/rankings - 5명 조회
[2025-06-24T03:52:23.247Z] GET /api/rankings - 5명 조회
[2025-06-24T03:52:23.250Z] GET /api/rankings - 5명 조회
[2025-06-24T03:52:48.722Z] GET /api/rankings - 5명 조회
[2025-06-24T03:53:00.787Z] POST /api/register - 기존 사용자 로그인: john.choi775@gmail.com
[2025-06-24T03:53:00.792Z] POST /api/update-score - john.choi775@gmail.com: 20점, 랭킹 4위
[2025-06-24T03:53:00.901Z] POST /api/register - 기존 사용자 로그인: creatanetwork@gmail.com
[2025-06-24T03:53:00.904Z] POST /api/update-score - creatanetwork@gmail.com: 0점, 랭킹 6위
[2025-06-24T03:53:02.716Z] GET /api/rankings - 5명 조회
[2025-06-24T03:53:02.719Z] GET /api/rankings - 5명 조회
[2025-06-24T03:55:02.190Z] GET /api/rankings - 5명 조회
[2025-06-24T04:06:17.975Z] GET /api/rankings - 5명 조회
[2025-06-24T04:07:11.806Z] GET /api/rankings - 5명 조회
[2025-06-24T04:07:11.809Z] GET /api/rankings - 5명 조회
[2025-06-24T04:07:42.112Z] GET /api/rankings - 5명 조회
[2025-06-24T04:07:42.114Z] GET /api/rankings - 5명 조회
[2025-06-24T04:08:55.231Z] GET /api/rankings - 5명 조회
[2025-06-24T04:11:09.876Z] Catena Backend Server started successfully
[2025-06-24T04:11:24.044Z] GET /api/rankings - 5명 조회
[2025-06-24T04:11:24.046Z] GET /api/rankings - 5명 조회
[2025-06-24T04:11:34.554Z] GET /api/rankings - 5명 조회
[2025-06-24T04:11:34.555Z] GET /api/rankings - 5명 조회
[2025-06-24T04:14:34.792Z] GET /api/rankings - 5명 조회
[2025-06-24T04:14:42.050Z] GET /api/rankings - 5명 조회
[2025-06-24T04:14:42.052Z] GET /api/rankings - 5명 조회
[2025-06-24T04:14:50.582Z] GET /api/rankings - 5명 조회
[2025-06-24T04:15:02.280Z] GET /api/rankings - 5명 조회
[2025-06-24T04:15:02.282Z] GET /api/rankings - 5명 조회
[2025-06-24T04:16:26.641Z] GET /api/rankings - 5명 조회
[2025-06-24T04:17:50.220Z] GET /api/rankings - 5명 조회
[2025-06-24T04:18:00.991Z] GET /api/rankings - 5명 조회
[2025-06-24T04:18:00.993Z] GET /api/rankings - 5명 조회
[2025-06-24T04:21:11.845Z] GET /api/rankings - 5명 조회
[2025-06-24T04:21:22.084Z] GET /api/rankings - 5명 조회
[2025-06-24T04:21:37.249Z] GET /api/rankings - 5명 조회
[2025-06-24T04:21:37.252Z] GET /api/rankings - 5명 조회
[2025-06-24T04:25:39.775Z] GET /api/rankings - 5명 조회
[2025-06-24T04:26:05.612Z] GET /api/rankings - 5명 조회
[2025-06-24T04:26:18.456Z] POST /api/register - 기존 사용자 로그인: tradenbot@gmail.com
[2025-06-24T04:26:21.687Z] GET /api/rankings - 5명 조회
[2025-06-24T04:26:21.690Z] GET /api/rankings - 5명 조회
[2025-06-24T04:26:37.149Z] GET /api/rankings - 5명 조회
[2025-06-24T04:31:15.191Z] GET /api/rankings - 5명 조회
[2025-06-24T04:44:59.633Z] GET /api/rankings - 5명 조회
[2025-06-24T04:44:59.636Z] GET /api/rankings - 5명 조회
[2025-06-24T04:59:04.419Z] GET /api/rankings - 5명 조회
[2025-06-24T04:59:10.979Z] GET /api/rankings - 5명 조회
[2025-06-24T04:59:28.827Z] GET /api/rankings - 5명 조회
[2025-06-24T04:59:28.828Z] GET /api/rankings - 5명 조회
[2025-06-24T04:59:49.982Z] GET /api/rankings - 5명 조회
[2025-06-24T05:00:21.835Z] GET /api/rankings - 5명 조회
[2025-06-24T05:01:07.683Z] GET /api/rankings - 5명 조회
[2025-06-24T05:01:45.383Z] GET /api/rankings - 5명 조회
[2025-06-24T05:02:09.931Z] Catena Backend Server started successfully
[2025-06-24T05:02:22.350Z] GET /api/rankings - 5명 조회
[2025-06-24T05:02:22.352Z] GET /api/rankings - 5명 조회
[2025-06-24T05:02:22.522Z] GET /api/rankings - 5명 조회
[2025-06-24T05:02:22.524Z] GET /api/rankings - 5명 조회
[2025-06-24T05:02:26.884Z] GET /api/rankings - 5명 조회
[2025-06-24T05:02:29.289Z] GET /api/rankings - 5명 조회
[2025-06-24T05:02:29.290Z] GET /api/rankings - 5명 조회
[2025-06-24T05:02:42.600Z] GET /api/rankings - 5명 조회
[2025-06-24T05:02:42.602Z] GET /api/rankings - 5명 조회
[2025-06-24T05:05:22.104Z] GET /api/rankings - 5명 조회
[2025-06-24T05:05:22.105Z] GET /api/rankings - 5명 조회
[2025-06-24T05:05:22.107Z] GET /api/rankings - 5명 조회
[2025-06-24T05:05:22.108Z] GET /api/rankings - 5명 조회
[2025-06-24T05:06:36.702Z] ERROR /api/update-score - Cannot destructure property 'email' of 'req.body' as it is undefined.
[2025-06-24T05:07:04.427Z] ERROR /api/update-score - Cannot destructure property 'email' of 'req.body' as it is undefined.
[2025-06-24T05:12:17.702Z] Catena Backend Server started successfully
[2025-06-24T05:12:22.134Z] GET /api/rankings - 5명 조회
[2025-06-24T05:12:22.138Z] GET /api/rankings - 5명 조회
[2025-06-24T05:12:27.863Z] GET /api/rankings - 5명 조회
[2025-06-24T05:12:40.094Z] GET /api/rankings - 5명 조회
[2025-06-24T05:12:51.374Z] GET /api/rankings - 5명 조회
[2025-06-24T05:12:55.577Z] GET /api/rankings - 5명 조회
[2025-06-24T05:13:21.387Z] GET /api/rankings - 5명 조회
[2025-06-24T05:13:21.389Z] GET /api/rankings - 5명 조회
[2025-06-24T05:13:35.050Z] GET /api/rankings - 5명 조회
[2025-06-24T05:13:44.334Z] POST /api/register - 기존 사용자 로그인: john.choi775@gmail.com
[2025-06-24T05:13:44.339Z] DEBUG /api/update-score - Headers: {"host":"localhost:3001","connection":"keep-alive","content-length":"86","sec-ch-ua-platform":"\"Windows\"","user-agent":"Mozilla/5.0 (Windows NT 10.0; Win64; x64) AppleWebKit/537.36 (KHTML, like Gecko) Chrome/137.0.0.0 Safari/537.36","sec-ch-ua":"\"Google Chrome\";v=\"137\", \"Chromium\";v=\"137\", \"Not/A)Brand\";v=\"24\"","content-type":"application/json","sec-ch-ua-mobile":"?0","accept":"*/*","origin":"http://localhost:5173","sec-fetch-site":"same-site","sec-fetch-mode":"cors","sec-fetch-dest":"empty","referer":"http://localhost:5173/","accept-encoding":"gzip, deflate, br, zstd","accept-language":"ko-KR,ko;q=0.9,en-US;q=0.8,en;q=0.7"}, Body: {"email":"john.choi775@gmail.com","score":20,"ctt_points":130,"full_name":"john choi"}
[2025-06-24T05:13:44.341Z] POST /api/update-score - john.choi775@gmail.com: 20점, 랭킹 4위
[2025-06-24T05:13:44.447Z] POST /api/register - 기존 사용자 로그인: creatanetwork@gmail.com
[2025-06-24T05:13:44.450Z] DEBUG /api/update-score - Headers: {"host":"localhost:3001","connection":"keep-alive","content-length":"90","sec-ch-ua-platform":"\"Windows\"","user-agent":"Mozilla/5.0 (Windows NT 10.0; Win64; x64) AppleWebKit/537.36 (KHTML, like Gecko) Chrome/137.0.0.0 Safari/537.36","sec-ch-ua":"\"Google Chrome\";v=\"137\", \"Chromium\";v=\"137\", \"Not/A)Brand\";v=\"24\"","content-type":"application/json","sec-ch-ua-mobile":"?0","accept":"*/*","origin":"http://localhost:5173","sec-fetch-site":"same-site","sec-fetch-mode":"cors","sec-fetch-dest":"empty","referer":"http://localhost:5173/","accept-encoding":"gzip, deflate, br, zstd","accept-language":"ko-KR,ko;q=0.9,en-US;q=0.8,en;q=0.7"}, Body: {"email":"creatanetwork@gmail.com","score":0,"ctt_points":100,"full_name":"creatanetwork"}
[2025-06-24T05:13:44.452Z] POST /api/update-score - creatanetwork@gmail.com: 0점, 랭킹 6위
[2025-06-24T05:13:46.196Z] GET /api/rankings - 5명 조회
[2025-06-24T05:13:46.204Z] GET /api/rankings - 5명 조회
[2025-06-24T05:16:10.202Z] DEBUG /api/update-score - Headers: {"host":"localhost:3001","user-agent":"curl/8.13.0","accept":"*/*","content-length":"71"}, Body: undefined
[2025-06-24T05:16:10.204Z] ERROR /api/update-score - Cannot destructure property 'email' of 'req.body' as it is undefined.
[2025-06-24T05:19:55.834Z] Catena Backend Server started successfully
[2025-06-24T05:20:05.165Z] GET /api/rankings - 5명 조회
[2025-06-24T05:20:05.167Z] GET /api/rankings - 5명 조회
[2025-06-24T05:20:06.198Z] GET /api/rankings - 5명 조회
[2025-06-24T05:20:06.200Z] GET /api/rankings - 5명 조회
[2025-06-24T05:20:57.491Z] GET /api/rankings - 5명 조회
[2025-06-24T05:21:07.566Z] GET /api/rankings - 5명 조회
[2025-06-24T05:21:07.569Z] GET /api/rankings - 5명 조회
[2025-06-24T06:27:00.229Z] GET /api/rankings - 5명 조회
[2025-06-24T06:27:15.939Z] POST /api/register - 기존 사용자 로그인: john.choi775@gmail.com
[2025-06-24T06:27:15.944Z] DEBUG /api/update-score - Headers: {"host":"localhost:3001","connection":"keep-alive","content-length":"86","sec-ch-ua-platform":"\"Windows\"","user-agent":"Mozilla/5.0 (Windows NT 10.0; Win64; x64) AppleWebKit/537.36 (KHTML, like Gecko) Chrome/137.0.0.0 Safari/537.36","sec-ch-ua":"\"Google Chrome\";v=\"137\", \"Chromium\";v=\"137\", \"Not/A)Brand\";v=\"24\"","content-type":"application/json","sec-ch-ua-mobile":"?0","accept":"*/*","origin":"http://localhost:5173","sec-fetch-site":"same-site","sec-fetch-mode":"cors","sec-fetch-dest":"empty","referer":"http://localhost:5173/","accept-encoding":"gzip, deflate, br, zstd","accept-language":"ko-KR,ko;q=0.9,en-US;q=0.8,en;q=0.7"}, Body: {"email":"john.choi775@gmail.com","score":20,"ctt_points":130,"full_name":"john choi"}
[2025-06-24T06:27:15.946Z] POST /api/update-score - john.choi775@gmail.com: 20점, 랭킹 4위
[2025-06-24T06:27:16.059Z] POST /api/register - 기존 사용자 로그인: creatanetwork@gmail.com
[2025-06-24T06:27:16.062Z] DEBUG /api/update-score - Headers: {"host":"localhost:3001","connection":"keep-alive","content-length":"90","sec-ch-ua-platform":"\"Windows\"","user-agent":"Mozilla/5.0 (Windows NT 10.0; Win64; x64) AppleWebKit/537.36 (KHTML, like Gecko) Chrome/137.0.0.0 Safari/537.36","sec-ch-ua":"\"Google Chrome\";v=\"137\", \"Chromium\";v=\"137\", \"Not/A)Brand\";v=\"24\"","content-type":"application/json","sec-ch-ua-mobile":"?0","accept":"*/*","origin":"http://localhost:5173","sec-fetch-site":"same-site","sec-fetch-mode":"cors","sec-fetch-dest":"empty","referer":"http://localhost:5173/","accept-encoding":"gzip, deflate, br, zstd","accept-language":"ko-KR,ko;q=0.9,en-US;q=0.8,en;q=0.7"}, Body: {"email":"creatanetwork@gmail.com","score":0,"ctt_points":100,"full_name":"creatanetwork"}
[2025-06-24T06:27:16.064Z] POST /api/update-score - creatanetwork@gmail.com: 0점, 랭킹 6위
[2025-06-24T06:27:19.375Z] GET /api/rankings - 5명 조회
[2025-06-24T06:27:19.377Z] GET /api/rankings - 5명 조회
[2025-06-24T06:27:39.222Z] GET /api/rankings - 5명 조회
[2025-06-24T06:27:39.224Z] GET /api/rankings - 5명 조회
[2025-06-24T06:29:29.164Z] DEBUG /api/update-score - Headers: {"host":"localhost:3001","user-agent":"curl/8.13.0","accept":"*/*","content-length":"71"}, Body: undefined
[2025-06-24T06:29:29.166Z] ERROR /api/update-score - Cannot destructure property 'email' of 'req.body' as it is undefined.
[2025-06-24T06:29:57.193Z] DEBUG /api/update-score - Headers: {"host":"localhost:3001","user-agent":"curl/8.13.0","accept":"*/*","content-type":"application/json","content-length":"83"}, Body: {"email":"tradenbot@gmail.com","score":130,"ctt_points":88,"full_name":"gina park"}
[2025-06-24T06:29:57.195Z] POST /api/update-score - tradenbot@gmail.com: 130점, 랭킹 3위
[2025-06-24T06:30:12.011Z] GET /api/rankings - 5명 조회
[2025-06-24T06:30:37.491Z] GET /api/rankings - 5명 조회
[2025-06-24T06:30:37.493Z] GET /api/rankings - 5명 조회
[2025-06-24T06:30:46.719Z] GET /api/rankings - 5명 조회
[2025-06-24T06:32:05.182Z] GET /api/rankings - 5명 조회
[2025-06-24T06:32:17.461Z] GET /api/rankings - 5명 조회
[2025-06-24T06:32:29.822Z] GET /api/rankings - 5명 조회
[2025-06-24T06:32:29.824Z] GET /api/rankings - 5명 조회
[2025-06-24T06:33:31.096Z] GET /api/rankings - 5명 조회
[2025-06-24T06:34:13.837Z] GET /api/rankings - 5명 조회
[2025-06-24T06:34:47.754Z] GET /api/rankings - 5명 조회
[2025-06-24T06:34:47.757Z] GET /api/rankings - 5명 조회
[2025-06-24T06:34:50.288Z] GET /api/rankings - 5명 조회
[2025-06-24T06:34:59.440Z] GET /api/rankings - 5명 조회
[2025-06-24T06:36:10.909Z] GET /api/rankings - 5명 조회
[2025-06-24T07:06:51.209Z] Catena Backend Server started successfully
[2025-06-24T07:09:58.991Z] POST /api/register - 기존 사용자 로그인: tradenbot@gmail.com
[2025-06-24T07:09:58.997Z] DEBUG /api/update-score - Headers: {"host":"localhost:3001","connection":"keep-alive","content-length":"83","sec-ch-ua-platform":"\"Windows\"","user-agent":"Mozilla/5.0 (Windows NT 10.0; Win64; x64) AppleWebKit/537.36 (KHTML, like Gecko) Chrome/137.0.0.0 Safari/537.36","sec-ch-ua":"\"Google Chrome\";v=\"137\", \"Chromium\";v=\"137\", \"Not/A)Brand\";v=\"24\"","content-type":"application/json","sec-ch-ua-mobile":"?0","accept":"*/*","origin":"http://localhost:5173","sec-fetch-site":"same-site","sec-fetch-mode":"cors","sec-fetch-dest":"empty","referer":"http://localhost:5173/","accept-encoding":"gzip, deflate, br, zstd","accept-language":"ko-KR,ko;q=0.9,en-US;q=0.8,en;q=0.7"}, Body: {"email":"tradenbot@gmail.com","score":130,"ctt_points":88,"full_name":"gina park"}
[2025-06-24T07:09:59.000Z] POST /api/update-score - tradenbot@gmail.com: 130점, 랭킹 3위
[2025-06-24T07:11:32.319Z] GET /api/rankings - 5명 조회
[2025-06-24T07:11:32.323Z] GET /api/rankings - 5명 조회
[2025-06-24T07:11:54.073Z] GET /api/rankings - 5명 조회
[2025-06-24T07:11:54.076Z] GET /api/rankings - 5명 조회
[2025-06-24T07:12:26.704Z] GET /api/rankings - 5명 조회
[2025-06-24T07:13:10.452Z] GET /api/rankings - 5명 조회
[2025-06-24T07:13:10.456Z] GET /api/rankings - 5명 조회
[2025-06-24T07:22:14.532Z] GET /api/rankings - 5명 조회
[2025-06-24T07:22:18.564Z] GET /api/rankings - 5명 조회
[2025-06-24T07:24:55.966Z] GET /api/rankings - 5명 조회
[2025-06-24T07:24:55.968Z] GET /api/rankings - 5명 조회
[2025-06-24T07:29:53.756Z] GET /api/rankings - 5명 조회
[2025-06-24T07:33:51.391Z] DEBUG /api/update-score - Headers: {"host":"localhost:3001","connection":"keep-alive","content-length":"84","sec-ch-ua-platform":"\"Windows\"","user-agent":"Mozilla/5.0 (Windows NT 10.0; Win64; x64) AppleWebKit/537.36 (KHTML, like Gecko) Chrome/137.0.0.0 Safari/537.36","sec-ch-ua":"\"Google Chrome\";v=\"137\", \"Chromium\";v=\"137\", \"Not/A)Brand\";v=\"24\"","content-type":"application/json","sec-ch-ua-mobile":"?0","accept":"*/*","origin":"http://localhost:5173","sec-fetch-site":"same-site","sec-fetch-mode":"cors","sec-fetch-dest":"empty","referer":"http://localhost:5173/","accept-encoding":"gzip, deflate, br, zstd","accept-language":"ko-KR,ko;q=0.9,en-US;q=0.8,en;q=0.7"}, Body: {"email":"tradenbot@gmail.com","score":130,"ctt_points":188,"full_name":"gina park"}
[2025-06-24T07:33:51.394Z] POST /api/update-score - tradenbot@gmail.com: 130점, 랭킹 3위
[2025-06-24T07:33:59.006Z] POST /api/register - 기존 사용자 로그인: tradenbot@gmail.com
[2025-06-24T07:33:59.021Z] DEBUG /api/update-score - Headers: {"host":"localhost:3001","connection":"keep-alive","content-length":"84","sec-ch-ua-platform":"\"Windows\"","user-agent":"Mozilla/5.0 (Windows NT 10.0; Win64; x64) AppleWebKit/537.36 (KHTML, like Gecko) Chrome/137.0.0.0 Safari/537.36","sec-ch-ua":"\"Google Chrome\";v=\"137\", \"Chromium\";v=\"137\", \"Not/A)Brand\";v=\"24\"","content-type":"application/json","sec-ch-ua-mobile":"?0","accept":"*/*","origin":"http://localhost:5173","sec-fetch-site":"same-site","sec-fetch-mode":"cors","sec-fetch-dest":"empty","referer":"http://localhost:5173/","accept-encoding":"gzip, deflate, br, zstd","accept-language":"ko-KR,ko;q=0.9,en-US;q=0.8,en;q=0.7"}, Body: {"email":"tradenbot@gmail.com","score":130,"ctt_points":188,"full_name":"gina park"}
[2025-06-24T07:33:59.024Z] POST /api/update-score - tradenbot@gmail.com: 130점, 랭킹 3위
[2025-06-24T07:34:28.947Z] DEBUG /api/update-score - Headers: {"host":"localhost:3001","connection":"keep-alive","content-length":"89","sec-ch-ua-platform":"\"Windows\"","user-agent":"Mozilla/5.0 (Windows NT 10.0; Win64; x64) AppleWebKit/537.36 (KHTML, like Gecko) Chrome/137.0.0.0 Safari/537.36","sec-ch-ua":"\"Google Chrome\";v=\"137\", \"Chromium\";v=\"137\", \"Not/A)Brand\";v=\"24\"","content-type":"application/json","sec-ch-ua-mobile":"?0","accept":"*/*","origin":"http://localhost:5173","sec-fetch-site":"same-site","sec-fetch-mode":"cors","sec-fetch-dest":"empty","referer":"http://localhost:5173/","accept-encoding":"gzip, deflate, br, zstd","accept-language":"ko-KR,ko;q=0.9,en-US;q=0.8,en;q=0.7"}, Body: {"email":"kiikiiha333@gmail.com","score":150,"ctt_points":230,"full_name":"kim jinyoung"}
[2025-06-24T07:34:28.948Z] POST /api/update-score - kiikiiha333@gmail.com: 150점, 랭킹 1위
[2025-06-24T07:34:32.765Z] POST /api/register - 기존 사용자 로그인: kiikiiha333@gmail.com
[2025-06-24T07:34:32.772Z] DEBUG /api/update-score - Headers: {"host":"localhost:3001","connection":"keep-alive","content-length":"89","sec-ch-ua-platform":"\"Windows\"","user-agent":"Mozilla/5.0 (Windows NT 10.0; Win64; x64) AppleWebKit/537.36 (KHTML, like Gecko) Chrome/137.0.0.0 Safari/537.36","sec-ch-ua":"\"Google Chrome\";v=\"137\", \"Chromium\";v=\"137\", \"Not/A)Brand\";v=\"24\"","content-type":"application/json","sec-ch-ua-mobile":"?0","accept":"*/*","origin":"http://localhost:5173","sec-fetch-site":"same-site","sec-fetch-mode":"cors","sec-fetch-dest":"empty","referer":"http://localhost:5173/","accept-encoding":"gzip, deflate, br, zstd","accept-language":"ko-KR,ko;q=0.9,en-US;q=0.8,en;q=0.7"}, Body: {"email":"kiikiiha333@gmail.com","score":150,"ctt_points":230,"full_name":"kim jinyoung"}
[2025-06-24T07:34:32.775Z] POST /api/update-score - kiikiiha333@gmail.com: 150점, 랭킹 1위
[2025-06-24T07:34:38.657Z] GET /api/rankings - 5명 조회
[2025-06-24T07:34:38.659Z] GET /api/rankings - 5명 조회
[2025-06-24T07:34:56.793Z] GET /api/rankings - 5명 조회
[2025-06-24T07:34:56.794Z] GET /api/rankings - 5명 조회
[2025-06-24T07:35:21.548Z] GET /api/rankings - 5명 조회
[2025-06-24T07:35:32.266Z] DEBUG /api/update-score - Headers: {"host":"localhost:3001","connection":"keep-alive","content-length":"89","sec-ch-ua-platform":"\"Windows\"","user-agent":"Mozilla/5.0 (Windows NT 10.0; Win64; x64) AppleWebKit/537.36 (KHTML, like Gecko) Chrome/137.0.0.0 Safari/537.36","sec-ch-ua":"\"Google Chrome\";v=\"137\", \"Chromium\";v=\"137\", \"Not/A)Brand\";v=\"24\"","content-type":"application/json","sec-ch-ua-mobile":"?0","accept":"*/*","origin":"http://localhost:5173","sec-fetch-site":"same-site","sec-fetch-mode":"cors","sec-fetch-dest":"empty","referer":"http://localhost:5173/","accept-encoding":"gzip, deflate, br, zstd","accept-language":"ko-KR,ko;q=0.9,en-US;q=0.8,en;q=0.7"}, Body: {"email":"kiikiiha333@gmail.com","score":150,"ctt_points":240,"full_name":"kim jinyoung"}
[2025-06-24T07:35:32.267Z] POST /api/update-score - kiikiiha333@gmail.com: 150점, 랭킹 1위
[2025-06-24T07:36:16.505Z] POST /api/register - 기존 사용자 로그인: kiikiiha333@gmail.com
[2025-06-24T07:36:16.513Z] DEBUG /api/update-score - Headers: {"host":"localhost:3001","connection":"keep-alive","content-length":"89","sec-ch-ua-platform":"\"Windows\"","user-agent":"Mozilla/5.0 (Windows NT 10.0; Win64; x64) AppleWebKit/537.36 (KHTML, like Gecko) Chrome/137.0.0.0 Safari/537.36","sec-ch-ua":"\"Google Chrome\";v=\"137\", \"Chromium\";v=\"137\", \"Not/A)Brand\";v=\"24\"","content-type":"application/json","sec-ch-ua-mobile":"?0","accept":"*/*","origin":"http://localhost:5173","sec-fetch-site":"same-site","sec-fetch-mode":"cors","sec-fetch-dest":"empty","referer":"http://localhost:5173/","accept-encoding":"gzip, deflate, br, zstd","accept-language":"ko-KR,ko;q=0.9,en-US;q=0.8,en;q=0.7"}, Body: {"email":"kiikiiha333@gmail.com","score":150,"ctt_points":240,"full_name":"kim jinyoung"}
[2025-06-24T07:36:16.515Z] POST /api/update-score - kiikiiha333@gmail.com: 150점, 랭킹 1위
[2025-06-24T07:45:58.433Z] POST /api/register - 기존 사용자 로그인: allbandex@gmail.com
[2025-06-24T07:45:58.443Z] GET /api/rankings - 5명 조회
[2025-06-24T07:45:58.470Z] DEBUG /api/update-score - Headers: {"host":"localhost:3001","connection":"keep-alive","content-length":"82","sec-ch-ua-platform":"\"Windows\"","user-agent":"Mozilla/5.0 (Windows NT 10.0; Win64; x64) AppleWebKit/537.36 (KHTML, like Gecko) Chrome/137.0.0.0 Safari/537.36","sec-ch-ua":"\"Google Chrome\";v=\"137\", \"Chromium\";v=\"137\", \"Not/A)Brand\";v=\"24\"","content-type":"application/json","sec-ch-ua-mobile":"?0","accept":"*/*","origin":"http://localhost:5173","sec-fetch-site":"same-site","sec-fetch-mode":"cors","sec-fetch-dest":"empty","referer":"http://localhost:5173/","accept-encoding":"gzip, deflate, br, zstd","accept-language":"ko-KR,ko;q=0.9,en-US;q=0.8,en;q=0.7"}, Body: {"email":"allbandex@gmail.com","score":10,"ctt_points":200,"full_name":"all band"}
[2025-06-24T07:45:58.472Z] POST /api/update-score - allbandex@gmail.com: 10점, 랭킹 5위
[2025-06-24T07:47:20.661Z] DEBUG /api/update-score - Headers: {"host":"localhost:3001","connection":"keep-alive","content-length":"89","sec-ch-ua-platform":"\"Windows\"","user-agent":"Mozilla/5.0 (Windows NT 10.0; Win64; x64) AppleWebKit/537.36 (KHTML, like Gecko) Chrome/137.0.0.0 Safari/537.36","sec-ch-ua":"\"Google Chrome\";v=\"137\", \"Chromium\";v=\"137\", \"Not/A)Brand\";v=\"24\"","content-type":"application/json","sec-ch-ua-mobile":"?0","accept":"*/*","origin":"http://localhost:5173","sec-fetch-site":"same-site","sec-fetch-mode":"cors","sec-fetch-dest":"empty","referer":"http://localhost:5173/","accept-encoding":"gzip, deflate, br, zstd","accept-language":"ko-KR,ko;q=0.9,en-US;q=0.8,en;q=0.7"}, Body: {"email":"kiikiiha333@gmail.com","score":150,"ctt_points":250,"full_name":"kim jinyoung"}
[2025-06-24T07:47:20.664Z] POST /api/update-score - kiikiiha333@gmail.com: 150점, 랭킹 1위
[2025-06-25T02:03:52.762Z] Catena Backend Server started successfully
[2025-06-25T02:11:25.587Z] POST /api/register - 기존 사용자 로그인: creatanetwork@gmail.com
[2025-06-25T02:12:47.982Z] POST /api/register - 기존 사용자 로그인: allbandex@gmail.com
[2025-06-25T02:13:08.220Z] POST /api/register - 기존 사용자 로그인: kiikiihajohn@gmail.com
[2025-06-25T02:13:24.171Z] POST /api/register - 기존 사용자 로그인: kiikiiha333@gmail.com
[2025-06-25T02:13:26.775Z] GET /api/rankings - 5명 조회
[2025-06-25T02:13:26.779Z] GET /api/rankings - 5명 조회
[2025-06-25T02:13:29.622Z] GET /api/rankings - 5명 조회
[2025-06-25T02:13:29.623Z] GET /api/rankings - 5명 조회
[2025-06-25T02:13:32.537Z] GET /api/rankings - 5명 조회
[2025-06-25T02:13:39.528Z] GET /api/rankings - 5명 조회
[2025-06-25T02:14:10.571Z] GET /api/rankings - 5명 조회
[2025-06-25T02:14:10.573Z] GET /api/rankings - 5명 조회
[2025-06-25T02:14:23.655Z] GET /api/rankings - 5명 조회
[2025-06-25T02:14:23.657Z] GET /api/rankings - 5명 조회
[2025-06-25T02:14:39.575Z] GET /api/rankings - 5명 조회
[2025-06-25T02:14:49.241Z] GET /api/rankings - 5명 조회
[2025-06-25T02:14:51.746Z] GET /api/rankings - 5명 조회
[2025-06-25T02:14:56.724Z] GET /api/rankings - 5명 조회
[2025-06-25T02:15:01.829Z] GET /api/rankings - 5명 조회
[2025-06-25T02:15:06.546Z] GET /api/rankings - 5명 조회
[2025-06-25T02:15:08.575Z] GET /api/rankings - 5명 조회
[2025-06-25T02:15:10.789Z] GET /api/rankings - 5명 조회
[2025-06-25T02:15:19.221Z] GET /api/rankings - 5명 조회
[2025-06-25T02:15:22.015Z] GET /api/rankings - 5명 조회
[2025-06-25T02:15:26.265Z] GET /api/rankings - 5명 조회
[2025-06-25T02:18:17.265Z] GET /api/rankings - 5명 조회
[2025-06-25T02:18:20.178Z] GET /api/rankings - 5명 조회
[2025-06-25T02:18:22.215Z] GET /api/rankings - 5명 조회
[2025-06-25T02:18:24.029Z] GET /api/rankings - 5명 조회
[2025-06-25T02:18:34.490Z] GET /api/rankings - 5명 조회
[2025-06-25T02:18:34.492Z] GET /api/rankings - 5명 조회
[2025-06-25T02:18:46.848Z] GET /api/rankings - 5명 조회
[2025-06-25T02:18:46.851Z] GET /api/rankings - 5명 조회
[2025-06-25T02:18:53.915Z] GET /api/rankings - 5명 조회
[2025-06-25T02:19:09.767Z] DEBUG /api/update-score - Headers: {"host":"localhost:3001","connection":"keep-alive","content-length":"89","sec-ch-ua-platform":"\"Windows\"","user-agent":"Mozilla/5.0 (Windows NT 10.0; Win64; x64) AppleWebKit/537.36 (KHTML, like Gecko) Chrome/137.0.0.0 Safari/537.36","sec-ch-ua":"\"Google Chrome\";v=\"137\", \"Chromium\";v=\"137\", \"Not/A)Brand\";v=\"24\"","content-type":"application/json","sec-ch-ua-mobile":"?0","accept":"*/*","origin":"http://localhost:5173","sec-fetch-site":"same-site","sec-fetch-mode":"cors","sec-fetch-dest":"empty","referer":"http://localhost:5173/","accept-encoding":"gzip, deflate, br, zstd","accept-language":"ko-KR,ko;q=0.9,en-US;q=0.8,en;q=0.7"}, Body: {"email":"kiikiiha333@gmail.com","score":150,"ctt_points":260,"full_name":"kim jinyoung"}
[2025-06-25T02:19:09.768Z] POST /api/update-score - kiikiiha333@gmail.com: 150점, 랭킹 1위
[2025-06-25T02:19:24.565Z] DEBUG /api/update-score - Headers: {"host":"localhost:3001","connection":"keep-alive","content-length":"87","sec-ch-ua-platform":"\"Windows\"","user-agent":"Mozilla/5.0 (Windows NT 10.0; Win64; x64) AppleWebKit/537.36 (KHTML, like Gecko) Chrome/137.0.0.0 Safari/537.36","sec-ch-ua":"\"Google Chrome\";v=\"137\", \"Chromium\";v=\"137\", \"Not/A)Brand\";v=\"24\"","content-type":"application/json","sec-ch-ua-mobile":"?0","accept":"*/*","origin":"http://localhost:5173","sec-fetch-site":"same-site","sec-fetch-mode":"cors","sec-fetch-dest":"empty","referer":"http://localhost:5173/","accept-encoding":"gzip, deflate, br, zstd","accept-language":"ko-KR,ko;q=0.9,en-US;q=0.8,en;q=0.7"}, Body: {"email":"kiikiihajohn@gmail.com","score":140,"ctt_points":141.8,"full_name":"jin kim"}
[2025-06-25T02:19:24.567Z] POST /api/update-score - kiikiihajohn@gmail.com: 140점, 랭킹 2위
[2025-06-25T02:19:45.782Z] DEBUG /api/update-score - Headers: {"host":"localhost:3001","connection":"keep-alive","content-length":"84","sec-ch-ua-platform":"\"Windows\"","user-agent":"Mozilla/5.0 (Windows NT 10.0; Win64; x64) AppleWebKit/537.36 (KHTML, like Gecko) Chrome/137.0.0.0 Safari/537.36","sec-ch-ua":"\"Google Chrome\";v=\"137\", \"Chromium\";v=\"137\", \"Not/A)Brand\";v=\"24\"","content-type":"application/json","sec-ch-ua-mobile":"?0","accept":"*/*","origin":"http://localhost:5173","sec-fetch-site":"same-site","sec-fetch-mode":"cors","sec-fetch-dest":"empty","referer":"http://localhost:5173/","accept-encoding":"gzip, deflate, br, zstd","accept-language":"ko-KR,ko;q=0.9,en-US;q=0.8,en;q=0.7"}, Body: {"email":"tradenbot@gmail.com","score":130,"ctt_points":288,"full_name":"gina park"}
[2025-06-25T02:19:45.784Z] POST /api/update-score - tradenbot@gmail.com: 130점, 랭킹 3위
[2025-06-25T02:19:45.786Z] DEBUG /api/update-score - Headers: {"host":"localhost:3001","connection":"keep-alive","content-length":"82","sec-ch-ua-platform":"\"Windows\"","user-agent":"Mozilla/5.0 (Windows NT 10.0; Win64; x64) AppleWebKit/537.36 (KHTML, like Gecko) Chrome/137.0.0.0 Safari/537.36","sec-ch-ua":"\"Google Chrome\";v=\"137\", \"Chromium\";v=\"137\", \"Not/A)Brand\";v=\"24\"","content-type":"application/json","sec-ch-ua-mobile":"?0","accept":"*/*","origin":"http://localhost:5173","sec-fetch-site":"same-site","sec-fetch-mode":"cors","sec-fetch-dest":"empty","referer":"http://localhost:5173/","accept-encoding":"gzip, deflate, br, zstd","accept-language":"ko-KR,ko;q=0.9,en-US;q=0.8,en;q=0.7"}, Body: {"email":"allbandex@gmail.com","score":10,"ctt_points":300,"full_name":"all band"}
[2025-06-25T02:19:45.788Z] POST /api/update-score - allbandex@gmail.com: 10점, 랭킹 5위
[2025-06-25T02:20:05.454Z] DEBUG /api/update-score - Headers: {"host":"localhost:3001","connection":"keep-alive","content-length":"87","sec-ch-ua-platform":"\"Windows\"","user-agent":"Mozilla/5.0 (Windows NT 10.0; Win64; x64) AppleWebKit/537.36 (KHTML, like Gecko) Chrome/137.0.0.0 Safari/537.36","sec-ch-ua":"\"Google Chrome\";v=\"137\", \"Chromium\";v=\"137\", \"Not/A)Brand\";v=\"24\"","content-type":"application/json","sec-ch-ua-mobile":"?0","accept":"*/*","origin":"http://localhost:5173","sec-fetch-site":"same-site","sec-fetch-mode":"cors","sec-fetch-dest":"empty","referer":"http://localhost:5173/","accept-encoding":"gzip, deflate, br, zstd","accept-language":"ko-KR,ko;q=0.9,en-US;q=0.8,en;q=0.7"}, Body: {"email":"kiikiihajohn@gmail.com","score":140,"ctt_points":241.8,"full_name":"jin kim"}
[2025-06-25T02:20:05.455Z] POST /api/update-score - kiikiihajohn@gmail.com: 140점, 랭킹 2위
[2025-06-25T02:21:03.041Z] GET /api/rankings - 5명 조회
[2025-06-25T02:53:37.269Z] POST /api/register - 기존 사용자 로그인: kiikiiha333@gmail.com
[2025-06-25T02:53:37.270Z] POST /api/register - 기존 사용자 로그인: kiikiiha333@gmail.com
[2025-06-25T02:53:37.294Z] DEBUG /api/update-score - Headers: {"host":"localhost:3001","connection":"keep-alive","content-length":"89","sec-ch-ua-platform":"\"Windows\"","user-agent":"Mozilla/5.0 (Windows NT 10.0; Win64; x64) AppleWebKit/537.36 (KHTML, like Gecko) Chrome/137.0.0.0 Safari/537.36","sec-ch-ua":"\"Google Chrome\";v=\"137\", \"Chromium\";v=\"137\", \"Not/A)Brand\";v=\"24\"","content-type":"application/json","sec-ch-ua-mobile":"?0","accept":"*/*","origin":"http://localhost:5173","sec-fetch-site":"same-site","sec-fetch-mode":"cors","sec-fetch-dest":"empty","referer":"http://localhost:5173/","accept-encoding":"gzip, deflate, br, zstd","accept-language":"ko-KR,ko;q=0.9,en-US;q=0.8,en;q=0.7"}, Body: {"email":"kiikiiha333@gmail.com","score":150,"ctt_points":230,"full_name":"kim jinyoung"}
[2025-06-25T02:53:37.297Z] POST /api/update-score - kiikiiha333@gmail.com: 150점, 랭킹 1위
[2025-06-25T02:54:21.128Z] POST /api/register - 기존 사용자 로그인: kiikiiha333@gmail.com
[2025-06-25T02:54:21.129Z] POST /api/register - 기존 사용자 로그인: kiikiiha333@gmail.com
[2025-06-25T02:54:21.135Z] DEBUG /api/update-score - Headers: {"host":"localhost:3001","connection":"keep-alive","content-length":"88","sec-ch-ua-platform":"\"Windows\"","user-agent":"Mozilla/5.0 (Windows NT 10.0; Win64; x64) AppleWebKit/537.36 (KHTML, like Gecko) Chrome/137.0.0.0 Safari/537.36","sec-ch-ua":"\"Google Chrome\";v=\"137\", \"Chromium\";v=\"137\", \"Not/A)Brand\";v=\"24\"","content-type":"application/json","sec-ch-ua-mobile":"?0","accept":"*/*","origin":"http://localhost:5173","sec-fetch-site":"same-site","sec-fetch-mode":"cors","sec-fetch-dest":"empty","referer":"http://localhost:5173/","accept-encoding":"gzip, deflate, br, zstd","accept-language":"ko-KR,ko;q=0.9,en-US;q=0.8,en;q=0.7"}, Body: {"email":"kiikiiha333@gmail.com","score":10,"ctt_points":250,"full_name":"kim jinyoung"}
[2025-06-25T02:54:21.136Z] DEBUG /api/update-score - Headers: {"host":"localhost:3001","connection":"keep-alive","content-length":"88","sec-ch-ua-platform":"\"Windows\"","user-agent":"Mozilla/5.0 (Windows NT 10.0; Win64; x64) AppleWebKit/537.36 (KHTML, like Gecko) Chrome/137.0.0.0 Safari/537.36","sec-ch-ua":"\"Google Chrome\";v=\"137\", \"Chromium\";v=\"137\", \"Not/A)Brand\";v=\"24\"","content-type":"application/json","sec-ch-ua-mobile":"?0","accept":"*/*","origin":"http://localhost:5173","sec-fetch-site":"same-site","sec-fetch-mode":"cors","sec-fetch-dest":"empty","referer":"http://localhost:5173/","accept-encoding":"gzip, deflate, br, zstd","accept-language":"ko-KR,ko;q=0.9,en-US;q=0.8,en;q=0.7"}, Body: {"email":"kiikiiha333@gmail.com","score":10,"ctt_points":250,"full_name":"kim jinyoung"}
[2025-06-25T02:54:21.138Z] POST /api/update-score - kiikiiha333@gmail.com: 10점, 랭킹 4위
[2025-06-25T02:54:21.139Z] POST /api/update-score - kiikiiha333@gmail.com: 10점, 랭킹 4위
[2025-06-25T03:00:48.860Z] POST /api/register - 기존 사용자 로그인: creatanetwork@gmail.com
[2025-06-25T03:00:48.860Z] POST /api/register - 기존 사용자 로그인: creatanetwork@gmail.com
[2025-06-25T03:00:48.871Z] DEBUG /api/update-score - Headers: {"host":"localhost:3001","connection":"keep-alive","content-length":"89","sec-ch-ua-platform":"\"Windows\"","user-agent":"Mozilla/5.0 (Windows NT 10.0; Win64; x64) AppleWebKit/537.36 (KHTML, like Gecko) Chrome/137.0.0.0 Safari/537.36","sec-ch-ua":"\"Google Chrome\";v=\"137\", \"Chromium\";v=\"137\", \"Not/A)Brand\";v=\"24\"","content-type":"application/json","sec-ch-ua-mobile":"?0","accept":"*/*","origin":"http://localhost:5173","sec-fetch-site":"same-site","sec-fetch-mode":"cors","sec-fetch-dest":"empty","referer":"http://localhost:5173/","accept-encoding":"gzip, deflate, br, zstd","accept-language":"ko-KR,ko;q=0.9,en-US;q=0.8,en;q=0.7"}, Body: {"email":"creatanetwork@gmail.com","score":0,"ctt_points":90,"full_name":"creatanetwork"}
[2025-06-25T03:00:48.873Z] POST /api/update-score - creatanetwork@gmail.com: 0점, 랭킹 6위
[2025-06-25T03:02:44.548Z] POST /api/register - 기존 사용자 로그인: kiikiiha333@gmail.com
[2025-06-25T03:02:44.549Z] POST /api/register - 기존 사용자 로그인: kiikiiha333@gmail.com
[2025-06-25T03:02:44.555Z] DEBUG /api/update-score - Headers: {"host":"localhost:3001","connection":"keep-alive","content-length":"88","sec-ch-ua-platform":"\"Windows\"","user-agent":"Mozilla/5.0 (Windows NT 10.0; Win64; x64) AppleWebKit/537.36 (KHTML, like Gecko) Chrome/137.0.0.0 Safari/537.36","sec-ch-ua":"\"Google Chrome\";v=\"137\", \"Chromium\";v=\"137\", \"Not/A)Brand\";v=\"24\"","content-type":"application/json","sec-ch-ua-mobile":"?0","accept":"*/*","origin":"http://localhost:5173","sec-fetch-site":"same-site","sec-fetch-mode":"cors","sec-fetch-dest":"empty","referer":"http://localhost:5173/","accept-encoding":"gzip, deflate, br, zstd","accept-language":"ko-KR,ko;q=0.9,en-US;q=0.8,en;q=0.7"}, Body: {"email":"kiikiiha333@gmail.com","score":10,"ctt_points":240,"full_name":"kim jinyoung"}
[2025-06-25T03:02:44.558Z] POST /api/update-score - kiikiiha333@gmail.com: 10점, 랭킹 4위
[2025-06-25T03:03:26.830Z] POST /api/register - 기존 사용자 로그인: kiikiiha333@gmail.com
[2025-06-25T03:03:26.833Z] POST /api/register - 기존 사용자 로그인: kiikiiha333@gmail.com
[2025-06-25T03:03:26.835Z] DEBUG /api/update-score - Headers: {"host":"localhost:3001","connection":"keep-alive","content-length":"88","sec-ch-ua-platform":"\"Windows\"","user-agent":"Mozilla/5.0 (Windows NT 10.0; Win64; x64) AppleWebKit/537.36 (KHTML, like Gecko) Chrome/137.0.0.0 Safari/537.36","sec-ch-ua":"\"Google Chrome\";v=\"137\", \"Chromium\";v=\"137\", \"Not/A)Brand\";v=\"24\"","content-type":"application/json","sec-ch-ua-mobile":"?0","accept":"*/*","origin":"http://localhost:5173","sec-fetch-site":"same-site","sec-fetch-mode":"cors","sec-fetch-dest":"empty","referer":"http://localhost:5173/","accept-encoding":"gzip, deflate, br, zstd","accept-language":"ko-KR,ko;q=0.9,en-US;q=0.8,en;q=0.7"}, Body: {"email":"kiikiiha333@gmail.com","score":10,"ctt_points":260,"full_name":"kim jinyoung"}
[2025-06-25T03:03:26.837Z] DEBUG /api/update-score - Headers: {"host":"localhost:3001","connection":"keep-alive","content-length":"88","sec-ch-ua-platform":"\"Windows\"","user-agent":"Mozilla/5.0 (Windows NT 10.0; Win64; x64) AppleWebKit/537.36 (KHTML, like Gecko) Chrome/137.0.0.0 Safari/537.36","sec-ch-ua":"\"Google Chrome\";v=\"137\", \"Chromium\";v=\"137\", \"Not/A)Brand\";v=\"24\"","content-type":"application/json","sec-ch-ua-mobile":"?0","accept":"*/*","origin":"http://localhost:5173","sec-fetch-site":"same-site","sec-fetch-mode":"cors","sec-fetch-dest":"empty","referer":"http://localhost:5173/","accept-encoding":"gzip, deflate, br, zstd","accept-language":"ko-KR,ko;q=0.9,en-US;q=0.8,en;q=0.7"}, Body: {"email":"kiikiiha333@gmail.com","score":10,"ctt_points":260,"full_name":"kim jinyoung"}
[2025-06-25T03:03:26.838Z] POST /api/update-score - kiikiiha333@gmail.com: 10점, 랭킹 4위
[2025-06-25T03:03:26.839Z] POST /api/update-score - kiikiiha333@gmail.com: 10점, 랭킹 4위
[2025-06-25T03:03:52.108Z] POST /api/register - 기존 사용자 로그인: kiikiiha333@gmail.com
[2025-06-25T03:03:52.117Z] DEBUG /api/update-score - Headers: {"host":"localhost:3001","connection":"keep-alive","content-length":"88","sec-ch-ua-platform":"\"Windows\"","user-agent":"Mozilla/5.0 (Windows NT 10.0; Win64; x64) AppleWebKit/537.36 (KHTML, like Gecko) Chrome/137.0.0.0 Safari/537.36","sec-ch-ua":"\"Google Chrome\";v=\"137\", \"Chromium\";v=\"137\", \"Not/A)Brand\";v=\"24\"","content-type":"application/json","sec-ch-ua-mobile":"?0","accept":"*/*","origin":"http://localhost:5173","sec-fetch-site":"same-site","sec-fetch-mode":"cors","sec-fetch-dest":"empty","referer":"http://localhost:5173/","accept-encoding":"gzip, deflate, br, zstd","accept-language":"ko-KR,ko;q=0.9,en-US;q=0.8,en;q=0.7"}, Body: {"email":"kiikiiha333@gmail.com","score":10,"ctt_points":259,"full_name":"kim jinyoung"}
[2025-06-25T03:03:52.119Z] POST /api/update-score - kiikiiha333@gmail.com: 10점, 랭킹 4위
[2025-06-25T03:04:03.052Z] POST /api/register - 기존 사용자 로그인: kiikiiha333@gmail.com
[2025-06-25T03:04:03.059Z] DEBUG /api/update-score - Headers: {"host":"localhost:3001","connection":"keep-alive","content-length":"90","sec-ch-ua-platform":"\"Windows\"","user-agent":"Mozilla/5.0 (Windows NT 10.0; Win64; x64) AppleWebKit/537.36 (KHTML, like Gecko) Chrome/137.0.0.0 Safari/537.36","sec-ch-ua":"\"Google Chrome\";v=\"137\", \"Chromium\";v=\"137\", \"Not/A)Brand\";v=\"24\"","content-type":"application/json","sec-ch-ua-mobile":"?0","accept":"*/*","origin":"http://localhost:5173","sec-fetch-site":"same-site","sec-fetch-mode":"cors","sec-fetch-dest":"empty","referer":"http://localhost:5173/","accept-encoding":"gzip, deflate, br, zstd","accept-language":"ko-KR,ko;q=0.9,en-US;q=0.8,en;q=0.7"}, Body: {"email":"kiikiiha333@gmail.com","score":20,"ctt_points":260.8,"full_name":"kim jinyoung"}
[2025-06-25T03:04:03.062Z] POST /api/update-score - kiikiiha333@gmail.com: 20점, 랭킹 3위
[2025-06-25T03:04:23.277Z] POST /api/register - 기존 사용자 로그인: kiikiiha333@gmail.com
[2025-06-25T03:04:23.306Z] DEBUG /api/update-score - Headers: {"host":"localhost:3001","connection":"keep-alive","content-length":"90","sec-ch-ua-platform":"\"Windows\"","user-agent":"Mozilla/5.0 (Windows NT 10.0; Win64; x64) AppleWebKit/537.36 (KHTML, like Gecko) Chrome/137.0.0.0 Safari/537.36","sec-ch-ua":"\"Google Chrome\";v=\"137\", \"Chromium\";v=\"137\", \"Not/A)Brand\";v=\"24\"","content-type":"application/json","sec-ch-ua-mobile":"?0","accept":"*/*","origin":"http://localhost:5173","sec-fetch-site":"same-site","sec-fetch-mode":"cors","sec-fetch-dest":"empty","referer":"http://localhost:5173/","accept-encoding":"gzip, deflate, br, zstd","accept-language":"ko-KR,ko;q=0.9,en-US;q=0.8,en;q=0.7"}, Body: {"email":"kiikiiha333@gmail.com","score":20,"ctt_points":249.8,"full_name":"kim jinyoung"}
[2025-06-25T03:04:23.307Z] POST /api/update-score - kiikiiha333@gmail.com: 20점, 랭킹 3위
[2025-06-25T03:04:31.505Z] POST /api/register - 기존 사용자 로그인: kiikiiha333@gmail.com
[2025-06-25T03:04:31.512Z] DEBUG /api/update-score - Headers: {"host":"localhost:3001","connection":"keep-alive","content-length":"90","sec-ch-ua-platform":"\"Windows\"","user-agent":"Mozilla/5.0 (Windows NT 10.0; Win64; x64) AppleWebKit/537.36 (KHTML, like Gecko) Chrome/137.0.0.0 Safari/537.36","sec-ch-ua":"\"Google Chrome\";v=\"137\", \"Chromium\";v=\"137\", \"Not/A)Brand\";v=\"24\"","content-type":"application/json","sec-ch-ua-mobile":"?0","accept":"*/*","origin":"http://localhost:5173","sec-fetch-site":"same-site","sec-fetch-mode":"cors","sec-fetch-dest":"empty","referer":"http://localhost:5173/","accept-encoding":"gzip, deflate, br, zstd","accept-language":"ko-KR,ko;q=0.9,en-US;q=0.8,en;q=0.7"}, Body: {"email":"kiikiiha333@gmail.com","score":30,"ctt_points":269.6,"full_name":"kim jinyoung"}
[2025-06-25T03:04:31.514Z] POST /api/update-score - kiikiiha333@gmail.com: 30점, 랭킹 3위
[2025-06-25T03:04:48.468Z] POST /api/register - 기존 사용자 로그인: kiikiiha333@gmail.com
[2025-06-25T03:04:48.480Z] DEBUG /api/update-score - Headers: {"host":"localhost:3001","connection":"keep-alive","content-length":"90","sec-ch-ua-platform":"\"Windows\"","user-agent":"Mozilla/5.0 (Windows NT 10.0; Win64; x64) AppleWebKit/537.36 (KHTML, like Gecko) Chrome/137.0.0.0 Safari/537.36","sec-ch-ua":"\"Google Chrome\";v=\"137\", \"Chromium\";v=\"137\", \"Not/A)Brand\";v=\"24\"","content-type":"application/json","sec-ch-ua-mobile":"?0","accept":"*/*","origin":"http://localhost:5173","sec-fetch-site":"same-site","sec-fetch-mode":"cors","sec-fetch-dest":"empty","referer":"http://localhost:5173/","accept-encoding":"gzip, deflate, br, zstd","accept-language":"ko-KR,ko;q=0.9,en-US;q=0.8,en;q=0.7"}, Body: {"email":"kiikiiha333@gmail.com","score":30,"ctt_points":258.6,"full_name":"kim jinyoung"}
[2025-06-25T03:04:48.483Z] POST /api/update-score - kiikiiha333@gmail.com: 30점, 랭킹 3위
[2025-06-25T03:04:53.470Z] POST /api/register - 기존 사용자 로그인: kiikiiha333@gmail.com
[2025-06-25T03:04:53.475Z] DEBUG /api/update-score - Headers: {"host":"localhost:3001","connection":"keep-alive","content-length":"90","sec-ch-ua-platform":"\"Windows\"","user-agent":"Mozilla/5.0 (Windows NT 10.0; Win64; x64) AppleWebKit/537.36 (KHTML, like Gecko) Chrome/137.0.0.0 Safari/537.36","sec-ch-ua":"\"Google Chrome\";v=\"137\", \"Chromium\";v=\"137\", \"Not/A)Brand\";v=\"24\"","content-type":"application/json","sec-ch-ua-mobile":"?0","accept":"*/*","origin":"http://localhost:5173","sec-fetch-site":"same-site","sec-fetch-mode":"cors","sec-fetch-dest":"empty","referer":"http://localhost:5173/","accept-encoding":"gzip, deflate, br, zstd","accept-language":"ko-KR,ko;q=0.9,en-US;q=0.8,en;q=0.7"}, Body: {"email":"kiikiiha333@gmail.com","score":30,"ctt_points":258.6,"full_name":"kim jinyoung"}
[2025-06-25T03:04:53.478Z] POST /api/update-score - kiikiiha333@gmail.com: 30점, 랭킹 3위
[2025-06-25T03:07:06.911Z] GET /api/rankings - 5명 조회
[2025-06-25T03:07:06.912Z] GET /api/rankings - 5명 조회
[2025-06-25T03:08:59.320Z] GET /api/rankings - 5명 조회
[2025-06-25T03:09:54.186Z] GET /api/rankings - 5명 조회
[2025-06-25T03:09:54.194Z] GET /api/rankings - 5명 조회
[2025-06-25T03:09:55.492Z] GET /api/rankings - 5명 조회
[2025-06-25T03:10:23.894Z] GET /api/rankings - 5명 조회
[2025-06-25T03:10:23.895Z] GET /api/rankings - 5명 조회
[2025-06-25T03:10:36.941Z] GET /api/rankings - 5명 조회
[2025-06-25T03:10:36.941Z] GET /api/rankings - 5명 조회
[2025-06-25T03:10:51.893Z] GET /api/rankings - 5명 조회
[2025-06-25T03:10:53.886Z] GET /api/rankings - 5명 조회
[2025-06-25T03:10:53.887Z] GET /api/rankings - 5명 조회
[2025-06-25T03:30:12.780Z] GET /api/rankings - 5명 조회
[2025-06-25T03:30:25.993Z] GET /api/rankings - 5명 조회
[2025-06-25T03:31:31.832Z] GET /api/rankings - 5명 조회
[2025-06-25T03:31:40.627Z] POST /api/register - 기존 사용자 로그인: kiikiiha333@gmail.com
[2025-06-25T03:31:40.634Z] DEBUG /api/update-score - Headers: {"host":"localhost:3001","connection":"keep-alive","content-length":"90","sec-ch-ua-platform":"\"Windows\"","user-agent":"Mozilla/5.0 (Windows NT 10.0; Win64; x64) AppleWebKit/537.36 (KHTML, like Gecko) Chrome/137.0.0.0 Safari/537.36","sec-ch-ua":"\"Google Chrome\";v=\"137\", \"Chromium\";v=\"137\", \"Not/A)Brand\";v=\"24\"","content-type":"application/json","sec-ch-ua-mobile":"?0","accept":"*/*","origin":"http://localhost:5173","sec-fetch-site":"same-site","sec-fetch-mode":"cors","sec-fetch-dest":"empty","referer":"http://localhost:5173/","accept-encoding":"gzip, deflate, br, zstd","accept-language":"ko-KR,ko;q=0.9,en-US;q=0.8,en;q=0.7"}, Body: {"email":"kiikiiha333@gmail.com","score":30,"ctt_points":257.6,"full_name":"kim jinyoung"}
[2025-06-25T03:31:40.636Z] POST /api/update-score - kiikiiha333@gmail.com: 30점, 랭킹 3위
[2025-06-25T03:31:54.456Z] POST /api/register - 기존 사용자 로그인: kiikiiha333@gmail.com
[2025-06-25T03:31:54.466Z] DEBUG /api/update-score - Headers: {"host":"localhost:3001","connection":"keep-alive","content-length":"103","sec-ch-ua-platform":"\"Windows\"","user-agent":"Mozilla/5.0 (Windows NT 10.0; Win64; x64) AppleWebKit/537.36 (KHTML, like Gecko) Chrome/137.0.0.0 Safari/537.36","sec-ch-ua":"\"Google Chrome\";v=\"137\", \"Chromium\";v=\"137\", \"Not/A)Brand\";v=\"24\"","content-type":"application/json","sec-ch-ua-mobile":"?0","accept":"*/*","origin":"http://localhost:5173","sec-fetch-site":"same-site","sec-fetch-mode":"cors","sec-fetch-dest":"empty","referer":"http://localhost:5173/","accept-encoding":"gzip, deflate, br, zstd","accept-language":"ko-KR,ko;q=0.9,en-US;q=0.8,en;q=0.7"}, Body: {"email":"kiikiiha333@gmail.com","score":40,"ctt_points":259.40000000000003,"full_name":"kim jinyoung"}
[2025-06-25T03:31:54.468Z] POST /api/update-score - kiikiiha333@gmail.com: 40점, 랭킹 3위
[2025-06-25T03:32:13.779Z] POST /api/register - 기존 사용자 로그인: kiikiiha333@gmail.com
[2025-06-25T03:32:13.786Z] DEBUG /api/update-score - Headers: {"host":"localhost:3001","connection":"keep-alive","content-length":"103","sec-ch-ua-platform":"\"Windows\"","user-agent":"Mozilla/5.0 (Windows NT 10.0; Win64; x64) AppleWebKit/537.36 (KHTML, like Gecko) Chrome/137.0.0.0 Safari/537.36","sec-ch-ua":"\"Google Chrome\";v=\"137\", \"Chromium\";v=\"137\", \"Not/A)Brand\";v=\"24\"","content-type":"application/json","sec-ch-ua-mobile":"?0","accept":"*/*","origin":"http://localhost:5173","sec-fetch-site":"same-site","sec-fetch-mode":"cors","sec-fetch-dest":"empty","referer":"http://localhost:5173/","accept-encoding":"gzip, deflate, br, zstd","accept-language":"ko-KR,ko;q=0.9,en-US;q=0.8,en;q=0.7"}, Body: {"email":"kiikiiha333@gmail.com","score":40,"ctt_points":258.40000000000003,"full_name":"kim jinyoung"}
[2025-06-25T03:32:13.788Z] POST /api/update-score - kiikiiha333@gmail.com: 40점, 랭킹 3위
[2025-06-25T03:32:19.900Z] POST /api/register - 기존 사용자 로그인: kiikiiha333@gmail.com
[2025-06-25T03:32:19.906Z] DEBUG /api/update-score - Headers: {"host":"localhost:3001","connection":"keep-alive","content-length":"103","sec-ch-ua-platform":"\"Windows\"","user-agent":"Mozilla/5.0 (Windows NT 10.0; Win64; x64) AppleWebKit/537.36 (KHTML, like Gecko) Chrome/137.0.0.0 Safari/537.36","sec-ch-ua":"\"Google Chrome\";v=\"137\", \"Chromium\";v=\"137\", \"Not/A)Brand\";v=\"24\"","content-type":"application/json","sec-ch-ua-mobile":"?0","accept":"*/*","origin":"http://localhost:5173","sec-fetch-site":"same-site","sec-fetch-mode":"cors","sec-fetch-dest":"empty","referer":"http://localhost:5173/","accept-encoding":"gzip, deflate, br, zstd","accept-language":"ko-KR,ko;q=0.9,en-US;q=0.8,en;q=0.7"}, Body: {"email":"kiikiiha333@gmail.com","score":40,"ctt_points":258.40000000000003,"full_name":"kim jinyoung"}
[2025-06-25T03:32:19.909Z] POST /api/update-score - kiikiiha333@gmail.com: 40점, 랭킹 3위
[2025-06-25T03:33:29.105Z] GET /api/rankings - 5명 조회
[2025-06-25T03:33:44.495Z] POST /api/register - 기존 사용자 로그인: tradenbot@gmail.com
[2025-06-25T03:33:44.505Z] DEBUG /api/update-score - Headers: {"host":"localhost:3001","connection":"keep-alive","content-length":"84","sec-ch-ua-platform":"\"Windows\"","user-agent":"Mozilla/5.0 (Windows NT 10.0; Win64; x64) AppleWebKit/537.36 (KHTML, like Gecko) Chrome/137.0.0.0 Safari/537.36","sec-ch-ua":"\"Google Chrome\";v=\"137\", \"Chromium\";v=\"137\", \"Not/A)Brand\";v=\"24\"","content-type":"application/json","sec-ch-ua-mobile":"?0","accept":"*/*","origin":"http://localhost:5173","sec-fetch-site":"same-site","sec-fetch-mode":"cors","sec-fetch-dest":"empty","referer":"http://localhost:5173/","accept-encoding":"gzip, deflate, br, zstd","accept-language":"ko-KR,ko;q=0.9,en-US;q=0.8,en;q=0.7"}, Body: {"email":"tradenbot@gmail.com","score":130,"ctt_points":288,"full_name":"gina park"}
[2025-06-25T03:33:44.507Z] POST /api/update-score - tradenbot@gmail.com: 130점, 랭킹 2위
[2025-06-25T03:46:06.508Z] GET /api/rankings - 5명 조회
[2025-06-25T03:46:06.510Z] GET /api/rankings - 5명 조회
[2025-06-25T04:02:49.381Z] GET /api/rankings - 5명 조회
[2025-06-25T04:03:56.723Z] GET /api/rankings - 5명 조회
[2025-06-25T04:04:02.119Z] POST /api/register - 기존 사용자 로그인: john.choi775@gmail.com
[2025-06-25T04:04:04.934Z] GET /api/rankings - 5명 조회
[2025-06-25T04:04:04.936Z] GET /api/rankings - 5명 조회
[2025-06-25T04:04:08.588Z] GET /api/rankings - 5명 조회
[2025-06-25T04:04:12.141Z] GET /api/rankings - 5명 조회
[2025-06-25T04:04:14.676Z] GET /api/rankings - 5명 조회
[2025-06-25T04:04:17.938Z] GET /api/rankings - 5명 조회
[2025-06-25T04:04:31.514Z] GET /api/rankings - 5명 조회
[2025-06-25T04:05:24.366Z] GET /api/rankings - 5명 조회
[2025-06-25T04:05:55.932Z] GET /api/rankings - 5명 조회
[2025-06-25T04:07:33.506Z] GET /api/rankings - 5명 조회
[2025-06-25T04:07:33.508Z] GET /api/rankings - 5명 조회
[2025-06-25T04:09:41.256Z] GET /api/rankings - 5명 조회
[2025-06-25T04:09:59.867Z] GET /api/rankings - 5명 조회
[2025-06-25T04:10:59.300Z] GET /api/rankings - 5명 조회
[2025-06-25T04:12:51.518Z] GET /api/rankings - 5명 조회
[2025-06-25T04:25:56.229Z] GET /api/rankings - 5명 조회
[2025-06-25T04:31:07.349Z] GET /api/rankings - 5명 조회
[2025-06-25T04:31:07.549Z] GET /api/rankings - 5명 조회
[2025-06-25T04:35:00.903Z] GET /api/rankings - 5명 조회
[2025-06-25T04:35:08.544Z] GET /api/rankings - 5명 조회
[2025-06-25T04:35:17.121Z] GET /api/rankings - 5명 조회
[2025-06-25T04:35:23.697Z] GET /api/rankings - 5명 조회
[2025-06-25T04:35:36.613Z] GET /api/rankings - 5명 조회
[2025-06-25T04:35:55.052Z] GET /api/rankings - 5명 조회
[2025-06-25T04:39:58.873Z] POST /api/register - 기존 사용자 로그인: allbandex@gmail.com
[2025-06-25T04:39:58.878Z] DEBUG /api/update-score - Headers: {"host":"localhost:3001","connection":"keep-alive","content-length":"83","sec-ch-ua-platform":"\"Windows\"","user-agent":"Mozilla/5.0 (Windows NT 10.0; Win64; x64) AppleWebKit/537.36 (KHTML, like Gecko) Chrome/137.0.0.0 Safari/537.36","sec-ch-ua":"\"Google Chrome\";v=\"137\", \"Chromium\";v=\"137\", \"Not/A)Brand\";v=\"24\"","content-type":"application/json","sec-ch-ua-mobile":"?0","accept":"*/*","origin":"http://localhost:5173","sec-fetch-site":"same-site","sec-fetch-mode":"cors","sec-fetch-dest":"empty","referer":"http://localhost:5173/","accept-encoding":"gzip, deflate, br, zstd","accept-language":"ko-KR,ko;q=0.9,en-US;q=0.8,en;q=0.7"}, Body: {"email":"allbandex@gmail.com","score":510,"ctt_points":700,"full_name":"all band"}
[2025-06-25T04:39:58.880Z] POST /api/update-score - allbandex@gmail.com: 510점, 랭킹 1위
[2025-06-25T04:40:13.247Z] POST /api/register - 기존 사용자 로그인: allbandex@gmail.com
[2025-06-25T04:40:13.252Z] DEBUG /api/update-score - Headers: {"host":"localhost:3001","connection":"keep-alive","content-length":"85","sec-ch-ua-platform":"\"Windows\"","user-agent":"Mozilla/5.0 (Windows NT 10.0; Win64; x64) AppleWebKit/537.36 (KHTML, like Gecko) Chrome/137.0.0.0 Safari/537.36","sec-ch-ua":"\"Google Chrome\";v=\"137\", \"Chromium\";v=\"137\", \"Not/A)Brand\";v=\"24\"","content-type":"application/json","sec-ch-ua-mobile":"?0","accept":"*/*","origin":"http://localhost:5173","sec-fetch-site":"same-site","sec-fetch-mode":"cors","sec-fetch-dest":"empty","referer":"http://localhost:5173/","accept-encoding":"gzip, deflate, br, zstd","accept-language":"ko-KR,ko;q=0.9,en-US;q=0.8,en;q=0.7"}, Body: {"email":"allbandex@gmail.com","score":1310,"ctt_points":1500,"full_name":"all band"}
[2025-06-25T04:40:13.254Z] POST /api/update-score - allbandex@gmail.com: 1310점, 랭킹 1위
[2025-06-25T04:40:40.943Z] GET /api/rankings - 5명 조회
[2025-06-25T04:51:19.749Z] GET /api/rankings - 5명 조회
[2025-06-25T04:51:28.894Z] GET /api/rankings - 5명 조회
[2025-06-25T04:51:28.896Z] GET /api/rankings - 5명 조회
[2025-06-25T04:51:37.171Z] POST /api/register - 기존 사용자 로그인: john.choi775@gmail.com
[2025-06-25T04:51:37.175Z] DEBUG /api/update-score - Headers: {"host":"localhost:3001","connection":"keep-alive","content-length":"87","sec-ch-ua-platform":"\"Windows\"","user-agent":"Mozilla/5.0 (Windows NT 10.0; Win64; x64) AppleWebKit/537.36 (KHTML, like Gecko) Chrome/137.0.0.0 Safari/537.36","sec-ch-ua":"\"Google Chrome\";v=\"137\", \"Chromium\";v=\"137\", \"Not/A)Brand\";v=\"24\"","content-type":"application/json","sec-ch-ua-mobile":"?0","accept":"*/*","origin":"http://localhost:5173","sec-fetch-site":"same-site","sec-fetch-mode":"cors","sec-fetch-dest":"empty","referer":"http://localhost:5173/","accept-encoding":"gzip, deflate, br, zstd","accept-language":"ko-KR,ko;q=0.9,en-US;q=0.8,en;q=0.7"}, Body: {"email":"john.choi775@gmail.com","score":520,"ctt_points":630,"full_name":"john choi"}
[2025-06-25T04:51:37.178Z] POST /api/update-score - john.choi775@gmail.com: 520점, 랭킹 2위
[2025-06-25T04:51:50.251Z] POST /api/register - 기존 사용자 로그인: john.choi775@gmail.com
[2025-06-25T04:51:50.254Z] DEBUG /api/update-score - Headers: {"host":"localhost:3001","connection":"keep-alive","content-length":"89","sec-ch-ua-platform":"\"Windows\"","user-agent":"Mozilla/5.0 (Windows NT 10.0; Win64; x64) AppleWebKit/537.36 (KHTML, like Gecko) Chrome/137.0.0.0 Safari/537.36","sec-ch-ua":"\"Google Chrome\";v=\"137\", \"Chromium\";v=\"137\", \"Not/A)Brand\";v=\"24\"","content-type":"application/json","sec-ch-ua-mobile":"?0","accept":"*/*","origin":"http://localhost:5173","sec-fetch-site":"same-site","sec-fetch-mode":"cors","sec-fetch-dest":"empty","referer":"http://localhost:5173/","accept-encoding":"gzip, deflate, br, zstd","accept-language":"ko-KR,ko;q=0.9,en-US;q=0.8,en;q=0.7"}, Body: {"email":"john.choi775@gmail.com","score":1320,"ctt_points":1430,"full_name":"john choi"}
[2025-06-25T04:51:50.257Z] POST /api/update-score - john.choi775@gmail.com: 1320점, 랭킹 1위
[2025-06-25T04:52:19.258Z] POST /api/register - 기존 사용자 로그인: allbandex@gmail.com
[2025-06-25T04:52:19.269Z] DEBUG /api/update-score - Headers: {"host":"localhost:3001","connection":"keep-alive","content-length":"85","sec-ch-ua-platform":"\"Windows\"","user-agent":"Mozilla/5.0 (Windows NT 10.0; Win64; x64) AppleWebKit/537.36 (KHTML, like Gecko) Chrome/137.0.0.0 Safari/537.36","sec-ch-ua":"\"Google Chrome\";v=\"137\", \"Chromium\";v=\"137\", \"Not/A)Brand\";v=\"24\"","content-type":"application/json","sec-ch-ua-mobile":"?0","accept":"*/*","origin":"http://localhost:5173","sec-fetch-site":"same-site","sec-fetch-mode":"cors","sec-fetch-dest":"empty","referer":"http://localhost:5173/","accept-encoding":"gzip, deflate, br, zstd","accept-language":"ko-KR,ko;q=0.9,en-US;q=0.8,en;q=0.7"}, Body: {"email":"allbandex@gmail.com","score":1310,"ctt_points":1400,"full_name":"all band"}
[2025-06-25T04:52:19.272Z] POST /api/update-score - allbandex@gmail.com: 1310점, 랭킹 2위
[2025-06-25T04:52:42.958Z] POST /api/register - 기존 사용자 로그인: allbandex@gmail.com
[2025-06-25T04:52:42.963Z] DEBUG /api/update-score - Headers: {"host":"localhost:3001","connection":"keep-alive","content-length":"85","sec-ch-ua-platform":"\"Windows\"","user-agent":"Mozilla/5.0 (Windows NT 10.0; Win64; x64) AppleWebKit/537.36 (KHTML, like Gecko) Chrome/137.0.0.0 Safari/537.36","sec-ch-ua":"\"Google Chrome\";v=\"137\", \"Chromium\";v=\"137\", \"Not/A)Brand\";v=\"24\"","content-type":"application/json","sec-ch-ua-mobile":"?0","accept":"*/*","origin":"http://localhost:5173","sec-fetch-site":"same-site","sec-fetch-mode":"cors","sec-fetch-dest":"empty","referer":"http://localhost:5173/","accept-encoding":"gzip, deflate, br, zstd","accept-language":"ko-KR,ko;q=0.9,en-US;q=0.8,en;q=0.7"}, Body: {"email":"allbandex@gmail.com","score":1320,"ctt_points":1600,"full_name":"all band"}
[2025-06-25T04:52:42.966Z] POST /api/update-score - allbandex@gmail.com: 1320점, 랭킹 1위
[2025-06-25T04:52:48.112Z] GET /api/rankings - 5명 조회
[2025-06-25T04:56:42.779Z] POST /api/register - 기존 사용자 로그인: allbandex@gmail.com
[2025-06-25T04:56:42.787Z] DEBUG /api/update-score - Headers: {"host":"localhost:3001","connection":"keep-alive","content-length":"85","sec-ch-ua-platform":"\"Windows\"","user-agent":"Mozilla/5.0 (Windows NT 10.0; Win64; x64) AppleWebKit/537.36 (KHTML, like Gecko) Chrome/137.0.0.0 Safari/537.36","sec-ch-ua":"\"Google Chrome\";v=\"137\", \"Chromium\";v=\"137\", \"Not/A)Brand\";v=\"24\"","content-type":"application/json","sec-ch-ua-mobile":"?0","accept":"*/*","origin":"http://localhost:5173","sec-fetch-site":"same-site","sec-fetch-mode":"cors","sec-fetch-dest":"empty","referer":"http://localhost:5173/","accept-encoding":"gzip, deflate, br, zstd","accept-language":"ko-KR,ko;q=0.9,en-US;q=0.8,en;q=0.7"}, Body: {"email":"allbandex@gmail.com","score":1320,"ctt_points":1400,"full_name":"all band"}
[2025-06-25T04:56:42.790Z] POST /api/update-score - allbandex@gmail.com: 1320점, 랭킹 1위
[2025-06-25T04:57:37.861Z] POST /api/register - 기존 사용자 로그인: allbandex@gmail.com
[2025-06-25T04:57:37.865Z] DEBUG /api/update-score - Headers: {"host":"localhost:3001","connection":"keep-alive","content-length":"85","sec-ch-ua-platform":"\"Windows\"","user-agent":"Mozilla/5.0 (Windows NT 10.0; Win64; x64) AppleWebKit/537.36 (KHTML, like Gecko) Chrome/137.0.0.0 Safari/537.36","sec-ch-ua":"\"Google Chrome\";v=\"137\", \"Chromium\";v=\"137\", \"Not/A)Brand\";v=\"24\"","content-type":"application/json","sec-ch-ua-mobile":"?0","accept":"*/*","origin":"http://localhost:5173","sec-fetch-site":"same-site","sec-fetch-mode":"cors","sec-fetch-dest":"empty","referer":"http://localhost:5173/","accept-encoding":"gzip, deflate, br, zstd","accept-language":"ko-KR,ko;q=0.9,en-US;q=0.8,en;q=0.7"}, Body: {"email":"allbandex@gmail.com","score":1330,"ctt_points":1840,"full_name":"all band"}
[2025-06-25T04:57:37.868Z] POST /api/update-score - allbandex@gmail.com: 1330점, 랭킹 1위
[2025-06-25T05:10:45.181Z] POST /api/register - 기존 사용자 로그인: allbandex@gmail.com
[2025-06-25T05:11:01.904Z] POST /api/register - 기존 사용자 로그인: allbandex@gmail.com
[2025-06-25T05:11:17.475Z] GET /api/rankings - 5명 조회
[2025-06-25T05:11:27.996Z] GET /api/rankings - 5명 조회
[2025-06-25T05:11:27.999Z] GET /api/rankings - 5명 조회
[2025-06-25T05:11:55.104Z] GET /api/rankings - 5명 조회
[2025-06-25T05:11:55.107Z] GET /api/rankings - 5명 조회
[2025-06-25T05:12:50.380Z] GET /api/rankings - 5명 조회
[2025-06-25T05:12:50.381Z] GET /api/rankings - 5명 조회
[2025-06-25T05:12:55.794Z] GET /api/rankings - 5명 조회
[2025-06-25T05:13:17.516Z] GET /api/rankings - 5명 조회
[2025-06-25T05:13:17.524Z] GET /api/rankings - 5명 조회
[2025-06-25T05:13:29.046Z] GET /api/rankings - 5명 조회
[2025-06-25T05:13:29.048Z] GET /api/rankings - 5명 조회
[2025-06-25T05:14:30.048Z] GET /api/rankings - 5명 조회
[2025-06-25T05:14:30.050Z] GET /api/rankings - 5명 조회
[2025-06-25T05:15:37.890Z] GET /api/rankings - 5명 조회
[2025-06-25T05:15:37.892Z] GET /api/rankings - 5명 조회
[2025-06-25T05:19:33.319Z] GET /api/rankings - 5명 조회
[2025-06-25T05:19:33.324Z] GET /api/rankings - 5명 조회
[2025-06-25T05:19:53.629Z] GET /api/rankings - 5명 조회
[2025-06-25T05:19:53.631Z] GET /api/rankings - 5명 조회
[2025-06-25T05:19:53.856Z] GET /api/rankings - 5명 조회
[2025-06-25T05:20:19.121Z] GET /api/rankings - 5명 조회
[2025-06-25T05:20:19.277Z] GET /api/rankings - 5명 조회
[2025-06-25T05:20:38.086Z] GET /api/rankings - 5명 조회
[2025-06-25T05:21:09.706Z] GET /api/rankings - 5명 조회
[2025-06-25T05:21:09.707Z] GET /api/rankings - 5명 조회
[2025-06-25T05:21:09.709Z] GET /api/rankings - 5명 조회
[2025-06-25T05:26:35.473Z] GET /api/rankings - 5명 조회
[2025-06-25T05:26:42.561Z] GET /api/rankings - 5명 조회
[2025-06-25T05:26:50.102Z] GET /api/rankings - 5명 조회
[2025-06-25T05:33:51.429Z] GET /api/rankings - 5명 조회
[2025-06-25T05:33:56.991Z] GET /api/rankings - 5명 조회
[2025-06-25T05:40:16.028Z] GET /api/rankings - 5명 조회
[2025-06-25T05:42:36.199Z] POST /api/register - 기존 사용자 로그인: kiikiihajohn@gmail.com
[2025-06-25T05:42:40.299Z] POST /api/register - 기존 사용자 로그인: kiikiihajohn@gmail.com
[2025-06-25T05:43:52.665Z] GET /api/rankings - 5명 조회
[2025-06-25T05:46:30.647Z] POST /api/register - 기존 사용자 로그인: kiikiiha333@gmail.com
[2025-06-25T05:47:15.062Z] GET /api/rankings - 5명 조회
[2025-06-25T05:48:09.849Z] GET /api/rankings - 5명 조회
[2025-06-25T05:48:09.851Z] GET /api/rankings - 5명 조회
[2025-06-25T05:48:24.182Z] GET /api/rankings - 5명 조회
[2025-06-25T05:49:04.401Z] GET /api/rankings - 5명 조회
[2025-06-25T05:49:04.404Z] GET /api/rankings - 5명 조회
[2025-06-25T05:50:52.682Z] POST /api/register - 기존 사용자 로그인: kiikiiha333@gmail.com
[2025-06-25T05:50:52.683Z] POST /api/register - 기존 사용자 로그인: kiikiiha333@gmail.com
[2025-06-25T05:50:52.693Z] DEBUG /api/update-score - Headers: {"host":"localhost:3001","connection":"keep-alive","content-length":"103","sec-ch-ua-platform":"\"Windows\"","user-agent":"Mozilla/5.0 (Windows NT 10.0; Win64; x64) AppleWebKit/537.36 (KHTML, like Gecko) Chrome/137.0.0.0 Safari/537.36","sec-ch-ua":"\"Google Chrome\";v=\"137\", \"Chromium\";v=\"137\", \"Not/A)Brand\";v=\"24\"","content-type":"application/json","sec-ch-ua-mobile":"?0","accept":"*/*","origin":"http://localhost:5173","sec-fetch-site":"same-site","sec-fetch-mode":"cors","sec-fetch-dest":"empty","referer":"http://localhost:5173/","accept-encoding":"gzip, deflate, br, zstd","accept-language":"ko-KR,ko;q=0.9,en-US;q=0.8,en;q=0.7"}, Body: {"email":"kiikiiha333@gmail.com","score":40,"ctt_points":248.40000000000003,"full_name":"kim jinyoung"}
[2025-06-25T05:50:52.697Z] POST /api/update-score - kiikiiha333@gmail.com: 40점, 랭킹 5위
[2025-06-25T05:51:09.342Z] GET /api/rankings - 5명 조회
[2025-06-25T05:51:29.594Z] POST /api/register - 기존 사용자 로그인: john.choi775@gmail.com
[2025-06-25T05:51:57.397Z] POST /api/register - 기존 사용자 로그인: john.choi775@gmail.com
[2025-06-25T05:52:22.564Z] GET /api/rankings - 5명 조회
[2025-06-25T05:52:22.566Z] GET /api/rankings - 5명 조회
[2025-06-25T05:52:25.025Z] POST /api/register - 기존 사용자 로그인: john.choi775@gmail.com
[2025-06-25T05:53:19.447Z] GET /api/rankings - 5명 조회
[2025-06-25T05:53:19.450Z] GET /api/rankings - 5명 조회
[2025-06-25T05:53:26.959Z] GET /api/rankings - 5명 조회
[2025-06-25T05:53:54.108Z] DEBUG /api/update-score - Headers: {"host":"localhost:3001","connection":"keep-alive","content-length":"88","sec-ch-ua-platform":"\"Windows\"","user-agent":"Mozilla/5.0 (Windows NT 10.0; Win64; x64) AppleWebKit/537.36 (KHTML, like Gecko) Chrome/137.0.0.0 Safari/537.36","sec-ch-ua":"\"Google Chrome\";v=\"137\", \"Chromium\";v=\"137\", \"Not/A)Brand\";v=\"24\"","content-type":"application/json","sec-ch-ua-mobile":"?0","accept":"*/*","origin":"http://localhost:5173","sec-fetch-site":"same-site","sec-fetch-mode":"cors","sec-fetch-dest":"empty","referer":"http://localhost:5173/","accept-encoding":"gzip, deflate, br, zstd","accept-language":"ko-KR,ko;q=0.9,en-US;q=0.8,en;q=0.7"}, Body: {"email":"kiikiihajohn@gmail.com","score":140,"ctt_points":1241.8,"full_name":"jin kim"}
[2025-06-25T05:53:54.110Z] POST /api/update-score - kiikiihajohn@gmail.com: 140점, 랭킹 3위
[2025-06-25T05:53:58.149Z] GET /api/rankings - 5명 조회
[2025-06-25T05:54:22.235Z] DEBUG /api/update-score - Headers: {"host":"localhost:3001","connection":"keep-alive","content-length":"85","sec-ch-ua-platform":"\"Windows\"","user-agent":"Mozilla/5.0 (Windows NT 10.0; Win64; x64) AppleWebKit/537.36 (KHTML, like Gecko) Chrome/137.0.0.0 Safari/537.36","sec-ch-ua":"\"Google Chrome\";v=\"137\", \"Chromium\";v=\"137\", \"Not/A)Brand\";v=\"24\"","content-type":"application/json","sec-ch-ua-mobile":"?0","accept":"*/*","origin":"http://localhost:5173","sec-fetch-site":"same-site","sec-fetch-mode":"cors","sec-fetch-dest":"empty","referer":"http://localhost:5173/","accept-encoding":"gzip, deflate, br, zstd","accept-language":"ko-KR,ko;q=0.9,en-US;q=0.8,en;q=0.7"}, Body: {"email":"tradenbot@gmail.com","score":130,"ctt_points":1288,"full_name":"gina park"}
[2025-06-25T05:54:22.237Z] POST /api/update-score - tradenbot@gmail.com: 130점, 랭킹 4위
[2025-06-25T05:54:41.442Z] DEBUG /api/update-score - Headers: {"host":"localhost:3001","connection":"keep-alive","content-length":"85","sec-ch-ua-platform":"\"Windows\"","user-agent":"Mozilla/5.0 (Windows NT 10.0; Win64; x64) AppleWebKit/537.36 (KHTML, like Gecko) Chrome/137.0.0.0 Safari/537.36","sec-ch-ua":"\"Google Chrome\";v=\"137\", \"Chromium\";v=\"137\", \"Not/A)Brand\";v=\"24\"","content-type":"application/json","sec-ch-ua-mobile":"?0","accept":"*/*","origin":"http://localhost:5173","sec-fetch-site":"same-site","sec-fetch-mode":"cors","sec-fetch-dest":"empty","referer":"http://localhost:5173/","accept-encoding":"gzip, deflate, br, zstd","accept-language":"ko-KR,ko;q=0.9,en-US;q=0.8,en;q=0.7"}, Body: {"email":"tradenbot@gmail.com","score":130,"ctt_points":1388,"full_name":"gina park"}
[2025-06-25T05:54:41.443Z] POST /api/update-score - tradenbot@gmail.com: 130점, 랭킹 4위
[2025-06-25T05:54:48.982Z] GET /api/rankings - 5명 조회
[2025-06-25T05:54:54.425Z] GET /api/rankings - 5명 조회
[2025-06-25T05:54:54.430Z] GET /api/rankings - 5명 조회
[2025-06-25T05:54:55.133Z] GET /api/rankings - 5명 조회
[2025-06-25T05:54:55.139Z] GET /api/rankings - 5명 조회
[2025-06-25T05:54:58.652Z] GET /api/rankings - 5명 조회
[2025-06-25T05:55:06.369Z] GET /api/rankings - 5명 조회
[2025-06-25T05:55:06.373Z] GET /api/rankings - 5명 조회
[2025-06-25T05:55:08.565Z] GET /api/rankings - 5명 조회
[2025-06-25T05:55:09.632Z] GET /api/rankings - 5명 조회
[2025-06-25T05:55:09.635Z] GET /api/rankings - 5명 조회
[2025-06-25T05:55:14.742Z] GET /api/rankings - 5명 조회
[2025-06-25T05:55:14.745Z] GET /api/rankings - 5명 조회
[2025-06-25T05:55:44.230Z] POST /api/register - 기존 사용자 로그인: allbandex@gmail.com
[2025-06-25T05:55:51.485Z] GET /api/rankings - 5명 조회
[2025-06-25T05:55:51.487Z] GET /api/rankings - 5명 조회
[2025-06-25T05:56:47.761Z] POST /api/register - 기존 사용자 로그인: kiikiiha333@gmail.com
[2025-06-25T05:56:47.770Z] DEBUG /api/update-score - Headers: {"host":"localhost:3001","connection":"keep-alive","content-length":"103","sec-ch-ua-platform":"\"Windows\"","user-agent":"Mozilla/5.0 (Windows NT 10.0; Win64; x64) AppleWebKit/537.36 (KHTML, like Gecko) Chrome/137.0.0.0 Safari/537.36","sec-ch-ua":"\"Google Chrome\";v=\"137\", \"Chromium\";v=\"137\", \"Not/A)Brand\";v=\"24\"","content-type":"application/json","sec-ch-ua-mobile":"?0","accept":"*/*","origin":"http://localhost:5173","sec-fetch-site":"same-site","sec-fetch-mode":"cors","sec-fetch-dest":"empty","referer":"http://localhost:5173/","accept-encoding":"gzip, deflate, br, zstd","accept-language":"ko-KR,ko;q=0.9,en-US;q=0.8,en;q=0.7"}, Body: {"email":"kiikiiha333@gmail.com","score":40,"ctt_points":198.40000000000003,"full_name":"kim jinyoung"}
[2025-06-25T05:56:47.772Z] POST /api/update-score - kiikiiha333@gmail.com: 40점, 랭킹 5위
[2025-06-25T05:56:51.224Z] POST /api/register - 기존 사용자 로그인: kiikiiha333@gmail.com
[2025-06-25T05:56:51.228Z] DEBUG /api/update-score - Headers: {"host":"localhost:3001","connection":"keep-alive","content-length":"103","sec-ch-ua-platform":"\"Windows\"","user-agent":"Mozilla/5.0 (Windows NT 10.0; Win64; x64) AppleWebKit/537.36 (KHTML, like Gecko) Chrome/137.0.0.0 Safari/537.36","sec-ch-ua":"\"Google Chrome\";v=\"137\", \"Chromium\";v=\"137\", \"Not/A)Brand\";v=\"24\"","content-type":"application/json","sec-ch-ua-mobile":"?0","accept":"*/*","origin":"http://localhost:5173","sec-fetch-site":"same-site","sec-fetch-mode":"cors","sec-fetch-dest":"empty","referer":"http://localhost:5173/","accept-encoding":"gzip, deflate, br, zstd","accept-language":"ko-KR,ko;q=0.9,en-US;q=0.8,en;q=0.7"}, Body: {"email":"kiikiiha333@gmail.com","score":40,"ctt_points":198.40000000000003,"full_name":"kim jinyoung"}
[2025-06-25T05:56:51.232Z] POST /api/update-score - kiikiiha333@gmail.com: 40점, 랭킹 5위
[2025-06-25T05:57:17.377Z] POST /api/register - 기존 사용자 로그인: kiikiihajohn@gmail.com
[2025-06-25T05:57:17.386Z] DEBUG /api/update-score - Headers: {"host":"localhost:3001","connection":"keep-alive","content-length":"99","sec-ch-ua-platform":"\"Windows\"","user-agent":"Mozilla/5.0 (Windows NT 10.0; Win64; x64) AppleWebKit/537.36 (KHTML, like Gecko) Chrome/137.0.0.0 Safari/537.36","sec-ch-ua":"\"Google Chrome\";v=\"137\", \"Chromium\";v=\"137\", \"Not/A)Brand\";v=\"24\"","content-type":"application/json","sec-ch-ua-mobile":"?0","accept":"*/*","origin":"http://localhost:5173","sec-fetch-site":"same-site","sec-fetch-mode":"cors","sec-fetch-dest":"empty","referer":"http://localhost:5173/","accept-encoding":"gzip, deflate, br, zstd","accept-language":"ko-KR,ko;q=0.9,en-US;q=0.8,en;q=0.7"}, Body: {"email":"kiikiihajohn@gmail.com","score":140,"ctt_points":31.80000000000001,"full_name":"jin kim"}
[2025-06-25T05:57:17.388Z] POST /api/update-score - kiikiihajohn@gmail.com: 140점, 랭킹 3위
[2025-06-25T05:57:37.707Z] POST /api/register - 기존 사용자 로그인: kiikiihajohn@gmail.com
[2025-06-25T05:57:37.712Z] DEBUG /api/update-score - Headers: {"host":"localhost:3001","connection":"keep-alive","content-length":"99","sec-ch-ua-platform":"\"Windows\"","user-agent":"Mozilla/5.0 (Windows NT 10.0; Win64; x64) AppleWebKit/537.36 (KHTML, like Gecko) Chrome/137.0.0.0 Safari/537.36","sec-ch-ua":"\"Google Chrome\";v=\"137\", \"Chromium\";v=\"137\", \"Not/A)Brand\";v=\"24\"","content-type":"application/json","sec-ch-ua-mobile":"?0","accept":"*/*","origin":"http://localhost:5173","sec-fetch-site":"same-site","sec-fetch-mode":"cors","sec-fetch-dest":"empty","referer":"http://localhost:5173/","accept-encoding":"gzip, deflate, br, zstd","accept-language":"ko-KR,ko;q=0.9,en-US;q=0.8,en;q=0.7"}, Body: {"email":"kiikiihajohn@gmail.com","score":140,"ctt_points":31.80000000000001,"full_name":"jin kim"}
[2025-06-25T05:57:37.714Z] POST /api/update-score - kiikiihajohn@gmail.com: 140점, 랭킹 3위
[2025-06-25T06:02:47.336Z] GET /api/rankings - 5명 조회
[2025-06-25T06:03:02.745Z] POST /api/register - 기존 사용자 로그인: allbandex@gmail.com
[2025-06-25T06:03:02.753Z] DEBUG /api/update-score - Headers: {"host":"localhost:3001","connection":"keep-alive","content-length":"85","sec-ch-ua-platform":"\"Windows\"","user-agent":"Mozilla/5.0 (Windows NT 10.0; Win64; x64) AppleWebKit/537.36 (KHTML, like Gecko) Chrome/137.0.0.0 Safari/537.36","sec-ch-ua":"\"Google Chrome\";v=\"137\", \"Chromium\";v=\"137\", \"Not/A)Brand\";v=\"24\"","content-type":"application/json","sec-ch-ua-mobile":"?0","accept":"*/*","origin":"http://localhost:5173","sec-fetch-site":"same-site","sec-fetch-mode":"cors","sec-fetch-dest":"empty","referer":"http://localhost:5173/","accept-encoding":"gzip, deflate, br, zstd","accept-language":"ko-KR,ko;q=0.9,en-US;q=0.8,en;q=0.7"}, Body: {"email":"allbandex@gmail.com","score":1330,"ctt_points":1740,"full_name":"all band"}
[2025-06-25T06:03:02.756Z] POST /api/update-score - allbandex@gmail.com: 1330점, 랭킹 1위
[2025-06-25T06:03:22.175Z] POST /api/register - 기존 사용자 로그인: allbandex@gmail.com
[2025-06-25T06:03:22.182Z] DEBUG /api/update-score - Headers: {"host":"localhost:3001","connection":"keep-alive","content-length":"85","sec-ch-ua-platform":"\"Windows\"","user-agent":"Mozilla/5.0 (Windows NT 10.0; Win64; x64) AppleWebKit/537.36 (KHTML, like Gecko) Chrome/137.0.0.0 Safari/537.36","sec-ch-ua":"\"Google Chrome\";v=\"137\", \"Chromium\";v=\"137\", \"Not/A)Brand\";v=\"24\"","content-type":"application/json","sec-ch-ua-mobile":"?0","accept":"*/*","origin":"http://localhost:5173","sec-fetch-site":"same-site","sec-fetch-mode":"cors","sec-fetch-dest":"empty","referer":"http://localhost:5173/","accept-encoding":"gzip, deflate, br, zstd","accept-language":"ko-KR,ko;q=0.9,en-US;q=0.8,en;q=0.7"}, Body: {"email":"allbandex@gmail.com","score":1330,"ctt_points":1740,"full_name":"all band"}
[2025-06-25T06:03:22.187Z] POST /api/update-score - allbandex@gmail.com: 1330점, 랭킹 1위
[2025-06-25T06:03:34.139Z] GET /api/rankings - 5명 조회
[2025-06-25T06:05:06.504Z] GET /api/rankings - 5명 조회
[2025-06-25T06:05:36.472Z] GET /api/rankings - 5명 조회
[2025-06-25T06:07:02.747Z] GET /api/rankings - 5명 조회
[2025-06-25T06:07:07.617Z] GET /api/rankings - 5명 조회
[2025-06-25T06:07:39.743Z] GET /api/rankings - 5명 조회
[2025-06-25T06:08:12.688Z] GET /api/rankings - 5명 조회
[2025-06-25T06:16:08.071Z] GET /api/rankings - 5명 조회
[2025-06-25T06:16:17.205Z] GET /api/rankings - 5명 조회
[2025-06-25T06:18:08.452Z] GET /api/rankings - 5명 조회
[2025-06-25T06:18:08.453Z] GET /api/rankings - 5명 조회
[2025-06-25T06:18:20.814Z] GET /api/rankings - 5명 조회
[2025-06-25T06:18:30.572Z] GET /api/rankings - 5명 조회
[2025-06-25T06:22:42.723Z] GET /api/rankings - 5명 조회
[2025-06-25T06:29:08.589Z] GET /api/rankings - 5명 조회
[2025-06-25T06:53:57.096Z] GET /api/rankings - 5명 조회
[2025-06-25T06:53:57.098Z] GET /api/rankings - 5명 조회
[2025-06-25T07:09:59.324Z] POST /api/register - 기존 사용자 로그인: kiikiihajohn@gmail.com
[2025-06-25T07:11:34.364Z] POST /api/register - 기존 사용자 로그인: kiikiihajohn@gmail.com
[2025-06-25T07:11:34.369Z] DEBUG /api/update-score - Headers: {"host":"localhost:3001","connection":"keep-alive","content-length":"100","sec-ch-ua-platform":"\"Windows\"","user-agent":"Mozilla/5.0 (Windows NT 10.0; Win64; x64) AppleWebKit/537.36 (KHTML, like Gecko) Chrome/137.0.0.0 Safari/537.36","sec-ch-ua":"\"Google Chrome\";v=\"137\", \"Chromium\";v=\"137\", \"Not/A)Brand\";v=\"24\"","content-type":"application/json","sec-ch-ua-mobile":"?0","accept":"*/*","origin":"http://localhost:5173","sec-fetch-site":"same-site","sec-fetch-mode":"cors","sec-fetch-dest":"empty","referer":"http://localhost:5173/","accept-encoding":"gzip, deflate, br, zstd","accept-language":"ko-KR,ko;q=0.9,en-US;q=0.8,en;q=0.7"}, Body: {"email":"kiikiihajohn@gmail.com","score":140,"ctt_points":10.800000000000011,"full_name":"jin kim"}
[2025-06-25T07:11:34.372Z] POST /api/update-score - kiikiihajohn@gmail.com: 140점, 랭킹 3위
[2025-06-25T07:11:46.233Z] POST /api/register - 기존 사용자 로그인: kiikiihajohn@gmail.com
[2025-06-25T07:11:46.243Z] DEBUG /api/update-score - Headers: {"host":"localhost:3001","connection":"keep-alive","content-length":"99","sec-ch-ua-platform":"\"Windows\"","user-agent":"Mozilla/5.0 (Windows NT 10.0; Win64; x64) AppleWebKit/537.36 (KHTML, like Gecko) Chrome/137.0.0.0 Safari/537.36","sec-ch-ua":"\"Google Chrome\";v=\"137\", \"Chromium\";v=\"137\", \"Not/A)Brand\";v=\"24\"","content-type":"application/json","sec-ch-ua-mobile":"?0","accept":"*/*","origin":"http://localhost:5173","sec-fetch-site":"same-site","sec-fetch-mode":"cors","sec-fetch-dest":"empty","referer":"http://localhost:5173/","accept-encoding":"gzip, deflate, br, zstd","accept-language":"ko-KR,ko;q=0.9,en-US;q=0.8,en;q=0.7"}, Body: {"email":"kiikiihajohn@gmail.com","score":150,"ctt_points":48.80000000000001,"full_name":"jin kim"}
[2025-06-25T07:11:46.245Z] POST /api/update-score - kiikiihajohn@gmail.com: 150점, 랭킹 3위
[2025-06-25T07:26:57.850Z] GET /api/rankings - 5명 조회
[2025-06-25T07:27:08.787Z] GET /api/rankings - 5명 조회
[2025-06-25T07:27:08.790Z] GET /api/rankings - 5명 조회
[2025-06-25T07:27:15.463Z] GET /api/rankings - 5명 조회
[2025-06-25T07:29:29.771Z] GET /api/rankings - 5명 조회
[2025-06-25T07:33:27.703Z] GET /api/rankings - 5명 조회
[2025-06-25T07:33:36.371Z] GET /api/rankings - 5명 조회
[2025-06-25T07:33:42.952Z] GET /api/rankings - 5명 조회
[2025-06-25T07:33:47.417Z] GET /api/rankings - 5명 조회
[2025-06-25T07:35:34.331Z] POST /api/register - 기존 사용자 로그인: tradenbot@gmail.com
[2025-06-25T07:35:47.923Z] POST /api/register - 기존 사용자 로그인: tradenbot@gmail.com
[2025-06-25T07:37:37.176Z] POST /api/register - 기존 사용자 로그인: john.choi775@gmail.com
[2025-06-25T07:38:26.360Z] GET /api/rankings - 5명 조회
[2025-06-25T07:38:26.361Z] GET /api/rankings - 5명 조회
[2025-06-25T07:38:58.719Z] GET /api/rankings - 5명 조회
[2025-06-25T07:38:58.724Z] GET /api/rankings - 5명 조회
[2025-06-25T07:39:09.983Z] GET /api/rankings - 5명 조회
[2025-06-25T07:39:09.988Z] GET /api/rankings - 5명 조회
[2025-06-25T07:39:22.390Z] GET /api/rankings - 5명 조회
[2025-06-25T07:39:22.405Z] GET /api/rankings - 5명 조회
[2025-06-25T07:45:23.415Z] POST /api/register - 기존 사용자 로그인: tradenbot@gmail.com
[2025-06-25T07:45:27.121Z] POST /api/register - 기존 사용자 로그인: tradenbot@gmail.com
[2025-06-25T07:53:06.761Z] GET /api/rankings - 5명 조회
[2025-06-25T07:53:08.978Z] GET /api/rankings - 5명 조회
[2025-06-25T07:53:08.981Z] GET /api/rankings - 5명 조회
[2025-06-25T07:53:36.744Z] GET /api/rankings - 5명 조회
[2025-06-25T13:19:07.503Z] Catena Backend Server started successfully
[2025-06-26T01:59:55.715Z] Catena Backend Server started successfully
[2025-06-26T02:00:33.231Z] POST /api/register - 기존 사용자 로그인: john.choi775@gmail.com
[2025-06-26T02:08:00.551Z] DEBUG /api/update-score - Headers: {"host":"localhost:3001","connection":"keep-alive","content-length":"89","sec-ch-ua-platform":"\"Windows\"","user-agent":"Mozilla/5.0 (Windows NT 10.0; Win64; x64) AppleWebKit/537.36 (KHTML, like Gecko) Chrome/137.0.0.0 Safari/537.36","sec-ch-ua":"\"Google Chrome\";v=\"137\", \"Chromium\";v=\"137\", \"Not/A)Brand\";v=\"24\"","content-type":"application/json","sec-ch-ua-mobile":"?0","accept":"*/*","origin":"http://localhost:5173","sec-fetch-site":"same-site","sec-fetch-mode":"cors","sec-fetch-dest":"empty","referer":"http://localhost:5173/","accept-encoding":"gzip, deflate, br, zstd","accept-language":"ko-KR,ko;q=0.9,en-US;q=0.8,en;q=0.7"}, Body: {"email":"john.choi775@gmail.com","score":1320,"ctt_points":1530,"full_name":"john choi"}
[2025-06-26T02:08:00.553Z] POST /api/update-score - john.choi775@gmail.com: 1320점, 랭킹 2위
[2025-06-26T02:08:15.063Z] DEBUG /api/update-score - Headers: {"host":"localhost:3001","connection":"keep-alive","content-length":"87","sec-ch-ua-platform":"\"Windows\"","user-agent":"Mozilla/5.0 (Windows NT 10.0; Win64; x64) AppleWebKit/537.36 (KHTML, like Gecko) Chrome/137.0.0.0 Safari/537.36","sec-ch-ua":"\"Google Chrome\";v=\"137\", \"Chromium\";v=\"137\", \"Not/A)Brand\";v=\"24\"","content-type":"application/json","sec-ch-ua-mobile":"?0","accept":"*/*","origin":"http://localhost:5173","sec-fetch-site":"same-site","sec-fetch-mode":"cors","sec-fetch-dest":"empty","referer":"http://localhost:5173/","accept-encoding":"gzip, deflate, br, zstd","accept-language":"ko-KR,ko;q=0.9,en-US;q=0.8,en;q=0.7"}, Body: {"email":"kiikiihajohn@gmail.com","score":150,"ctt_points":148.8,"full_name":"jin kim"}
[2025-06-26T02:08:15.064Z] POST /api/update-score - kiikiihajohn@gmail.com: 150점, 랭킹 3위
[2025-06-26T02:08:55.493Z] POST /api/register - 기존 사용자 로그인: kiikiihajohn@gmail.com
[2025-06-26T02:30:28.999Z] POST /api/register - 기존 사용자 로그인: john.choi775@gmail.com
[2025-06-26T02:50:12.275Z] GET /api/rankings - 5명 조회
[2025-06-26T02:50:12.277Z] GET /api/rankings - 5명 조회
[2025-06-26T02:50:24.002Z] GET /api/rankings - 5명 조회
[2025-06-26T02:50:24.008Z] GET /api/rankings - 5명 조회
[2025-06-26T02:53:55.874Z] GET /api/rankings - 5명 조회
[2025-06-26T02:53:55.876Z] GET /api/rankings - 5명 조회
[2025-06-26T03:04:38.490Z] GET /api/rankings - 5명 조회
[2025-06-26T03:04:38.491Z] GET /api/rankings - 5명 조회
[2025-06-26T03:05:30.434Z] GET /api/rankings - 5명 조회
[2025-06-26T03:28:20.701Z] GET /api/rankings - 5명 조회
[2025-06-26T03:28:20.704Z] GET /api/rankings - 5명 조회
[2025-06-26T03:28:26.347Z] GET /api/rankings - 5명 조회
[2025-06-26T03:28:26.349Z] GET /api/rankings - 5명 조회
[2025-06-26T03:28:31.015Z] GET /api/rankings - 5명 조회
[2025-06-26T03:28:31.017Z] GET /api/rankings - 5명 조회
[2025-06-26T03:29:46.782Z] GET /api/rankings - 5명 조회
[2025-06-26T03:29:46.784Z] GET /api/rankings - 5명 조회
[2025-06-26T03:31:23.826Z] GET /api/rankings - 5명 조회
[2025-06-26T03:31:23.828Z] GET /api/rankings - 5명 조회
[2025-06-26T03:32:18.054Z] GET /api/rankings - 5명 조회
[2025-06-26T03:32:18.056Z] GET /api/rankings - 5명 조회
[2025-06-26T03:55:33.774Z] GET /api/rankings - 5명 조회
[2025-06-26T03:55:38.116Z] GET /api/rankings - 5명 조회
[2025-06-26T03:55:42.660Z] GET /api/rankings - 5명 조회
[2025-06-26T03:55:46.650Z] GET /api/rankings - 5명 조회
[2025-06-26T03:55:46.652Z] GET /api/rankings - 5명 조회
[2025-06-26T03:55:49.848Z] GET /api/rankings - 5명 조회
[2025-06-26T03:56:27.460Z] GET /api/rankings - 5명 조회
[2025-06-26T03:59:49.935Z] GET /api/rankings - 5명 조회
[2025-06-26T03:59:49.937Z] GET /api/rankings - 5명 조회
[2025-06-26T03:59:49.943Z] GET /api/rankings - 5명 조회
[2025-06-26T03:59:49.944Z] GET /api/rankings - 5명 조회
[2025-06-26T03:59:49.945Z] GET /api/rankings - 5명 조회
[2025-06-26T03:59:49.946Z] GET /api/rankings - 5명 조회
[2025-06-26T04:01:36.084Z] GET /api/rankings - 5명 조회
[2025-06-26T04:01:36.086Z] GET /api/rankings - 5명 조회
[2025-06-26T04:01:36.133Z] GET /api/rankings - 5명 조회
[2025-06-26T04:01:36.136Z] GET /api/rankings - 5명 조회
[2025-06-26T04:01:36.262Z] GET /api/rankings - 5명 조회
[2025-06-26T04:01:36.265Z] GET /api/rankings - 5명 조회
[2025-06-26T04:01:54.443Z] GET /api/rankings - 5명 조회
[2025-06-26T04:01:58.518Z] GET /api/rankings - 5명 조회
[2025-06-26T04:02:00.508Z] GET /api/rankings - 5명 조회
[2025-06-26T04:02:10.686Z] GET /api/rankings - 5명 조회
[2025-06-26T04:02:14.936Z] GET /api/rankings - 5명 조회
[2025-06-26T04:02:23.994Z] GET /api/rankings - 5명 조회
[2025-06-26T04:02:47.398Z] GET /api/rankings - 5명 조회
